<?xml version="1.0" encoding="UTF-8" standalone="yes"?><!DOCTYPE report PUBLIC "-//JACOCO//DTD Report 1.0//EN" "report.dtd"><report name="debugAndroidTest"><package name="com/example/tetris"><class name="com/example/tetris/ColoresActivity"><method name="&lt;init&gt;" desc="()V" line="13"><counter type="INSTRUCTION" missed="3" covered="0"/><counter type="LINE" missed="1" covered="0"/><counter type="COMPLEXITY" missed="1" covered="0"/><counter type="METHOD" missed="1" covered="0"/></method><method name="onCreate" desc="(Landroid/os/Bundle;)V" line="25"><counter type="INSTRUCTION" missed="115" covered="0"/><counter type="LINE" missed="19" covered="0"/><counter type="COMPLEXITY" missed="1" covered="0"/><counter type="METHOD" missed="1" covered="0"/></method><method name="SetColor" desc="(Landroid/view/View;)V" line="51"><counter type="INSTRUCTION" missed="330" covered="0"/><counter type="BRANCH" missed="98" covered="0"/><counter type="LINE" missed="106" covered="0"/><counter type="COMPLEXITY" missed="50" covered="0"/><counter type="METHOD" missed="1" covered="0"/></method><counter type="INSTRUCTION" missed="448" covered="0"/><counter type="BRANCH" missed="98" covered="0"/><counter type="LINE" missed="126" covered="0"/><counter type="COMPLEXITY" missed="52" covered="0"/><counter type="METHOD" missed="3" covered="0"/><counter type="CLASS" missed="1" covered="0"/></class><class name="com/example/tetris/Pieza"><method name="&lt;init&gt;" desc="()V" line="16"><counter type="INSTRUCTION" missed="3" covered="0"/><counter type="LINE" missed="2" covered="0"/><counter type="COMPLEXITY" missed="1" covered="0"/><counter type="METHOD" missed="1" covered="0"/></method><method name="&lt;init&gt;" desc="(Lcom/example/tetris/Pieza;)V" line="19"><counter type="INSTRUCTION" missed="38" covered="0"/><counter type="LINE" missed="11" covered="0"/><counter type="COMPLEXITY" missed="1" covered="0"/><counter type="METHOD" missed="1" covered="0"/></method><method name="&lt;init&gt;" desc="(II)V" line="31"><counter type="INSTRUCTION" missed="376" covered="0"/><counter type="BRANCH" missed="10" covered="0"/><counter type="LINE" missed="108" covered="0"/><counter type="COMPLEXITY" missed="10" covered="0"/><counter type="METHOD" missed="1" covered="0"/></method><method name="mover" desc="(II)V" line="175"><counter type="INSTRUCTION" missed="49" covered="0"/><counter type="LINE" missed="9" covered="0"/><counter type="COMPLEXITY" missed="1" covered="0"/><counter type="METHOD" missed="1" covered="0"/></method><method name="getAltura" desc="()I" line="186"><counter type="INSTRUCTION" missed="3" covered="0"/><counter type="LINE" missed="1" covered="0"/><counter type="COMPLEXITY" missed="1" covered="0"/><counter type="METHOD" missed="1" covered="0"/></method><method name="setAltura" desc="(I)V" line="190"><counter type="INSTRUCTION" missed="29" covered="0"/><counter type="LINE" missed="5" covered="0"/><counter type="COMPLEXITY" missed="1" covered="0"/><counter type="METHOD" missed="1" covered="0"/></method><method name="copiarPieza" desc="(Lcom/example/tetris/Pieza;)V" line="197"><counter type="INSTRUCTION" missed="37" covered="0"/><counter type="LINE" missed="10" covered="0"/><counter type="COMPLEXITY" missed="1" covered="0"/><counter type="METHOD" missed="1" covered="0"/></method><counter type="INSTRUCTION" missed="535" covered="0"/><counter type="BRANCH" missed="10" covered="0"/><counter type="LINE" missed="146" covered="0"/><counter type="COMPLEXITY" missed="16" covered="0"/><counter type="METHOD" missed="7" covered="0"/><counter type="CLASS" missed="1" covered="0"/></class><class name="com/example/tetris/Tablero"><method name="&lt;init&gt;" desc="()V" line="14"><counter type="INSTRUCTION" missed="55" covered="0"/><counter type="LINE" missed="10" covered="0"/><counter type="COMPLEXITY" missed="1" covered="0"/><counter type="METHOD" missed="1" covered="0"/></method><method name="generarPieza" desc="(I)V" line="35"><counter type="INSTRUCTION" missed="15" covered="0"/><counter type="LINE" missed="2" covered="0"/><counter type="COMPLEXITY" missed="1" covered="0"/><counter type="METHOD" missed="1" covered="0"/></method><method name="borrarPieza" desc="()V" line="39"><counter type="INSTRUCTION" missed="6" covered="0"/><counter type="LINE" missed="2" covered="0"/><counter type="COMPLEXITY" missed="1" covered="0"/><counter type="METHOD" missed="1" covered="0"/></method><method name="setColorCuadrado" desc="(I)V" line="45"><counter type="INSTRUCTION" missed="3" covered="0"/><counter type="LINE" missed="2" covered="0"/><counter type="COMPLEXITY" missed="1" covered="0"/><counter type="METHOD" missed="1" covered="0"/></method><method name="setColorZPieza" desc="(I)V" line="49"><counter type="INSTRUCTION" missed="3" covered="0"/><counter type="LINE" missed="2" covered="0"/><counter type="COMPLEXITY" missed="1" covered="0"/><counter type="METHOD" missed="1" covered="0"/></method><method name="setColorIPieza" desc="(I)V" line="53"><counter type="INSTRUCTION" missed="3" covered="0"/><counter type="LINE" missed="2" covered="0"/><counter type="COMPLEXITY" missed="1" covered="0"/><counter type="METHOD" missed="1" covered="0"/></method><method name="setColorTPieza" desc="(I)V" line="57"><counter type="INSTRUCTION" missed="3" covered="0"/><counter type="LINE" missed="2" covered="0"/><counter type="COMPLEXITY" missed="1" covered="0"/><counter type="METHOD" missed="1" covered="0"/></method><method name="setColorSPieza" desc="(I)V" line="61"><counter type="INSTRUCTION" missed="3" covered="0"/><counter type="LINE" missed="2" covered="0"/><counter type="COMPLEXITY" missed="1" covered="0"/><counter type="METHOD" missed="1" covered="0"/></method><method name="setColorLPieza" desc="(I)V" line="65"><counter type="INSTRUCTION" missed="3" covered="0"/><counter type="LINE" missed="2" covered="0"/><counter type="COMPLEXITY" missed="1" covered="0"/><counter type="METHOD" missed="1" covered="0"/></method><method name="setColorJPieza" desc="(I)V" line="69"><counter type="INSTRUCTION" missed="3" covered="0"/><counter type="LINE" missed="2" covered="0"/><counter type="COMPLEXITY" missed="1" covered="0"/><counter type="METHOD" missed="1" covered="0"/></method><method name="getColorCuadrado" desc="()I" line="73"><counter type="INSTRUCTION" missed="2" covered="0"/><counter type="LINE" missed="1" covered="0"/><counter type="COMPLEXITY" missed="1" covered="0"/><counter type="METHOD" missed="1" covered="0"/></method><method name="getColorZPieza" desc="()I" line="77"><counter type="INSTRUCTION" missed="2" covered="0"/><counter type="LINE" missed="1" covered="0"/><counter type="COMPLEXITY" missed="1" covered="0"/><counter type="METHOD" missed="1" covered="0"/></method><method name="getColorIPieza" desc="()I" line="81"><counter type="INSTRUCTION" missed="2" covered="0"/><counter type="LINE" missed="1" covered="0"/><counter type="COMPLEXITY" missed="1" covered="0"/><counter type="METHOD" missed="1" covered="0"/></method><method name="getColorTPieza" desc="()I" line="85"><counter type="INSTRUCTION" missed="2" covered="0"/><counter type="LINE" missed="1" covered="0"/><counter type="COMPLEXITY" missed="1" covered="0"/><counter type="METHOD" missed="1" covered="0"/></method><method name="getColorSPieza" desc="()I" line="89"><counter type="INSTRUCTION" missed="2" covered="0"/><counter type="LINE" missed="1" covered="0"/><counter type="COMPLEXITY" missed="1" covered="0"/><counter type="METHOD" missed="1" covered="0"/></method><method name="getColorLPieza" desc="()I" line="93"><counter type="INSTRUCTION" missed="2" covered="0"/><counter type="LINE" missed="1" covered="0"/><counter type="COMPLEXITY" missed="1" covered="0"/><counter type="METHOD" missed="1" covered="0"/></method><method name="getColorJPieza" desc="()I" line="97"><counter type="INSTRUCTION" missed="2" covered="0"/><counter type="LINE" missed="1" covered="0"/><counter type="COMPLEXITY" missed="1" covered="0"/><counter type="METHOD" missed="1" covered="0"/></method><method name="parseaColor" desc="(II)I" line="101"><counter type="INSTRUCTION" missed="122" covered="0"/><counter type="BRANCH" missed="22" covered="0"/><counter type="LINE" missed="12" covered="0"/><counter type="COMPLEXITY" missed="12" covered="0"/><counter type="METHOD" missed="1" covered="0"/></method><method name="CambiarColores1Linea" desc="()V" line="119"><counter type="INSTRUCTION" missed="59" covered="0"/><counter type="BRANCH" missed="12" covered="0"/><counter type="LINE" missed="6" covered="0"/><counter type="COMPLEXITY" missed="7" covered="0"/><counter type="METHOD" missed="1" covered="0"/></method><method name="CambiarColoresMultiLinea" desc="()V" line="130"><counter type="INSTRUCTION" missed="57" covered="0"/><counter type="BRANCH" missed="12" covered="0"/><counter type="LINE" missed="5" covered="0"/><counter type="COMPLEXITY" missed="7" covered="0"/><counter type="METHOD" missed="1" covered="0"/></method><method name="puedePonerse" desc="(Lcom/example/tetris/Pieza;)Z" line="140"><counter type="INSTRUCTION" missed="104" covered="0"/><counter type="BRANCH" missed="16" covered="0"/><counter type="LINE" missed="21" covered="0"/><counter type="COMPLEXITY" missed="9" covered="0"/><counter type="METHOD" missed="1" covered="0"/></method><method name="comerTablero" desc="(I)V" line="173"><counter type="INSTRUCTION" missed="23" covered="0"/><counter type="BRANCH" missed="4" covered="0"/><counter type="LINE" missed="4" covered="0"/><counter type="COMPLEXITY" missed="3" covered="0"/><counter type="METHOD" missed="1" covered="0"/></method><method name="elDestructor" desc="(I)V" line="181"><counter type="INSTRUCTION" missed="33" covered="0"/><counter type="BRANCH" missed="4" covered="0"/><counter type="LINE" missed="5" covered="0"/><counter type="COMPLEXITY" missed="3" covered="0"/><counter type="METHOD" missed="1" covered="0"/></method><method name="ponerFila0" desc="(I)V" line="190"><counter type="INSTRUCTION" missed="15" covered="0"/><counter type="BRANCH" missed="2" covered="0"/><counter type="LINE" missed="3" covered="0"/><counter type="COMPLEXITY" missed="2" covered="0"/><counter type="METHOD" missed="1" covered="0"/></method><method name="detectarFilas" desc="(Lcom/example/tetris/Pieza;)Ljava/util/List;" line="196"><counter type="INSTRUCTION" missed="69" covered="0"/><counter type="BRANCH" missed="16" covered="0"/><counter type="LINE" missed="16" covered="0"/><counter type="COMPLEXITY" missed="9" covered="0"/><counter type="METHOD" missed="1" covered="0"/></method><method name="obtenerPosTroll" desc="(Lcom/example/tetris/Pieza;)V" line="220"><counter type="INSTRUCTION" missed="14" covered="0"/><counter type="LINE" missed="3" covered="0"/><counter type="COMPLEXITY" missed="1" covered="0"/><counter type="METHOD" missed="1" covered="0"/></method><method name="limpiarTablero" desc="()V" line="227"><counter type="INSTRUCTION" missed="11" covered="0"/><counter type="BRANCH" missed="2" covered="0"/><counter type="LINE" missed="3" covered="0"/><counter type="COMPLEXITY" missed="2" covered="0"/><counter type="METHOD" missed="1" covered="0"/></method><method name="getListaPiezas" desc="()Ljava/util/ArrayList;" line="233"><counter type="INSTRUCTION" missed="3" covered="0"/><counter type="LINE" missed="1" covered="0"/><counter type="COMPLEXITY" missed="1" covered="0"/><counter type="METHOD" missed="1" covered="0"/></method><method name="getPieza" desc="()Lcom/example/tetris/Pieza;" line="238"><counter type="INSTRUCTION" missed="6" covered="0"/><counter type="LINE" missed="1" covered="0"/><counter type="COMPLEXITY" missed="1" covered="0"/><counter type="METHOD" missed="1" covered="0"/></method><method name="ponerPieza" desc="(Lcom/example/tetris/Pieza;)V" line="244"><counter type="INSTRUCTION" missed="41" covered="0"/><counter type="LINE" missed="5" covered="0"/><counter type="COMPLEXITY" missed="1" covered="0"/><counter type="METHOD" missed="1" covered="0"/></method><method name="borrarPieza" desc="(Lcom/example/tetris/Pieza;)V" line="251"><counter type="INSTRUCTION" missed="37" covered="0"/><counter type="LINE" missed="5" covered="0"/><counter type="COMPLEXITY" missed="1" covered="0"/><counter type="METHOD" missed="1" covered="0"/></method><method name="alfredo" desc="(Lcom/example/tetris/Pieza;)V" line="265"><counter type="INSTRUCTION" missed="988" covered="0"/><counter type="BRANCH" missed="44" covered="0"/><counter type="LINE" missed="188" covered="0"/><counter type="COMPLEXITY" missed="32" covered="0"/><counter type="METHOD" missed="1" covered="0"/></method><method name="moverPiezas" desc="(Lcom/example/tetris/Pieza;C)V" line="538"><counter type="INSTRUCTION" missed="58" covered="0"/><counter type="BRANCH" missed="12" covered="0"/><counter type="LINE" missed="15" covered="0"/><counter type="COMPLEXITY" missed="8" covered="0"/><counter type="METHOD" missed="1" covered="0"/></method><method name="puedeMoverse" desc="(Lcom/example/tetris/Pieza;IIZ)Z" line="567"><counter type="INSTRUCTION" missed="178" covered="0"/><counter type="BRANCH" missed="28" covered="0"/><counter type="LINE" missed="26" covered="0"/><counter type="COMPLEXITY" missed="15" covered="0"/><counter type="METHOD" missed="1" covered="0"/></method><method name="getAlturaTablero" desc="()I" line="606"><counter type="INSTRUCTION" missed="5" covered="0"/><counter type="LINE" missed="1" covered="0"/><counter type="COMPLEXITY" missed="1" covered="0"/><counter type="METHOD" missed="1" covered="0"/></method><method name="getAnchoTablero" desc="()I" line="610"><counter type="INSTRUCTION" missed="5" covered="0"/><counter type="LINE" missed="1" covered="0"/><counter type="COMPLEXITY" missed="1" covered="0"/><counter type="METHOD" missed="1" covered="0"/></method><method name="comprobarRotar" desc="(Lcom/example/tetris/Pieza;)V" line="614"><counter type="INSTRUCTION" missed="57" covered="0"/><counter type="BRANCH" missed="2" covered="0"/><counter type="LINE" missed="14" covered="0"/><counter type="COMPLEXITY" missed="2" covered="0"/><counter type="METHOD" missed="1" covered="0"/></method><method name="&lt;clinit&gt;" desc="()V" line="20"><counter type="INSTRUCTION" missed="15" covered="0"/><counter type="LINE" missed="7" covered="0"/><counter type="COMPLEXITY" missed="1" covered="0"/><counter type="METHOD" missed="1" covered="0"/></method><counter type="INSTRUCTION" missed="2011" covered="0"/><counter type="BRANCH" missed="176" covered="0"/><counter type="LINE" missed="377" covered="0"/><counter type="COMPLEXITY" missed="136" covered="0"/><counter type="METHOD" missed="38" covered="0"/><counter type="CLASS" missed="1" covered="0"/></class><class name="com/example/tetris/AudioService"><method name="&lt;init&gt;" desc="()V" line="12"><counter type="INSTRUCTION" missed="7" covered="0"/><counter type="LINE" missed="2" covered="0"/><counter type="COMPLEXITY" missed="1" covered="0"/><counter type="METHOD" missed="1" covered="0"/></method><method name="inicioLoop" desc="(Landroid/content/Context;I)V" line="18"><counter type="INSTRUCTION" missed="20" covered="0"/><counter type="BRANCH" missed="4" covered="0"/><counter type="LINE" missed="5" covered="0"/><counter type="COMPLEXITY" missed="3" covered="0"/><counter type="METHOD" missed="1" covered="0"/></method><method name="increase" desc="()V" line="26"><counter type="INSTRUCTION" missed="6" covered="0"/><counter type="LINE" missed="2" covered="0"/><counter type="COMPLEXITY" missed="1" covered="0"/><counter type="METHOD" missed="1" covered="0"/></method><method name="decrease" desc="()V" line="30"><counter type="INSTRUCTION" missed="6" covered="0"/><counter type="LINE" missed="2" covered="0"/><counter type="COMPLEXITY" missed="1" covered="0"/><counter type="METHOD" missed="1" covered="0"/></method><method name="start" desc="(Landroid/content/Context;I)V" line="34"><counter type="INSTRUCTION" missed="9" covered="0"/><counter type="LINE" missed="3" covered="0"/><counter type="COMPLEXITY" missed="1" covered="0"/><counter type="METHOD" missed="1" covered="0"/></method><method name="pause" desc="()V" line="38"><counter type="INSTRUCTION" missed="15" covered="0"/><counter type="LINE" missed="3" covered="0"/><counter type="COMPLEXITY" missed="1" covered="0"/><counter type="METHOD" missed="1" covered="0"/></method><counter type="INSTRUCTION" missed="63" covered="0"/><counter type="BRANCH" missed="4" covered="0"/><counter type="LINE" missed="17" covered="0"/><counter type="COMPLEXITY" missed="8" covered="0"/><counter type="METHOD" missed="6" covered="0"/><counter type="CLASS" missed="1" covered="0"/></class><class name="com/example/tetris/Exit$3"><method name="&lt;init&gt;" desc="(Lcom/example/tetris/Exit;)V" line="85"><counter type="INSTRUCTION" missed="6" covered="0"/><counter type="LINE" missed="1" covered="0"/><counter type="COMPLEXITY" missed="1" covered="0"/><counter type="METHOD" missed="1" covered="0"/></method><method name="onClick" desc="(Landroid/view/View;)V" line="88"><counter type="INSTRUCTION" missed="5" covered="0"/><counter type="LINE" missed="2" covered="0"/><counter type="COMPLEXITY" missed="1" covered="0"/><counter type="METHOD" missed="1" covered="0"/></method><counter type="INSTRUCTION" missed="11" covered="0"/><counter type="LINE" missed="3" covered="0"/><counter type="COMPLEXITY" missed="2" covered="0"/><counter type="METHOD" missed="2" covered="0"/><counter type="CLASS" missed="1" covered="0"/></class><class name="com/example/tetris/Exit$1"><method name="&lt;init&gt;" desc="(Lcom/example/tetris/Exit;)V" line="68"><counter type="INSTRUCTION" missed="6" covered="0"/><counter type="LINE" missed="1" covered="0"/><counter type="COMPLEXITY" missed="1" covered="0"/><counter type="METHOD" missed="1" covered="0"/></method><method name="onClick" desc="(Landroid/view/View;)V" line="71"><counter type="INSTRUCTION" missed="15" covered="0"/><counter type="LINE" missed="4" covered="0"/><counter type="COMPLEXITY" missed="1" covered="0"/><counter type="METHOD" missed="1" covered="0"/></method><counter type="INSTRUCTION" missed="21" covered="0"/><counter type="LINE" missed="5" covered="0"/><counter type="COMPLEXITY" missed="2" covered="0"/><counter type="METHOD" missed="2" covered="0"/><counter type="CLASS" missed="1" covered="0"/></class><class name="com/example/tetris/Exit$2"><method name="&lt;init&gt;" desc="(Lcom/example/tetris/Exit;)V" line="77"><counter type="INSTRUCTION" missed="6" covered="0"/><counter type="LINE" missed="1" covered="0"/><counter type="COMPLEXITY" missed="1" covered="0"/><counter type="METHOD" missed="1" covered="0"/></method><method name="onClick" desc="(Landroid/view/View;)V" line="80"><counter type="INSTRUCTION" missed="19" covered="0"/><counter type="LINE" missed="4" covered="0"/><counter type="COMPLEXITY" missed="1" covered="0"/><counter type="METHOD" missed="1" covered="0"/></method><counter type="INSTRUCTION" missed="25" covered="0"/><counter type="LINE" missed="5" covered="0"/><counter type="COMPLEXITY" missed="2" covered="0"/><counter type="METHOD" missed="2" covered="0"/><counter type="CLASS" missed="1" covered="0"/></class><class name="com/example/tetris/AudioService$1"><method name="&lt;init&gt;" desc="(Lcom/example/tetris/AudioService;)V" line="40"><counter type="INSTRUCTION" missed="6" covered="0"/><counter type="LINE" missed="1" covered="0"/><counter type="COMPLEXITY" missed="1" covered="0"/><counter type="METHOD" missed="1" covered="0"/></method><method name="run" desc="()V" line="42"><counter type="INSTRUCTION" missed="10" covered="0"/><counter type="BRANCH" missed="2" covered="0"/><counter type="LINE" missed="3" covered="0"/><counter type="COMPLEXITY" missed="2" covered="0"/><counter type="METHOD" missed="1" covered="0"/></method><counter type="INSTRUCTION" missed="16" covered="0"/><counter type="BRANCH" missed="2" covered="0"/><counter type="LINE" missed="4" covered="0"/><counter type="COMPLEXITY" missed="3" covered="0"/><counter type="METHOD" missed="2" covered="0"/><counter type="CLASS" missed="1" covered="0"/></class><class name="com/example/tetris/MainActivity$1"><method name="&lt;init&gt;" desc="(Lcom/example/tetris/MainActivity;Lcom/example/tetris/Juego;)V" line="71"><counter type="INSTRUCTION" missed="9" covered="0"/><counter type="LINE" missed="1" covered="0"/><counter type="COMPLEXITY" missed="1" covered="0"/><counter type="METHOD" missed="1" covered="0"/></method><method name="onClick" desc="(Landroid/view/View;)V" line="74"><counter type="INSTRUCTION" missed="24" covered="0"/><counter type="BRANCH" missed="2" covered="0"/><counter type="LINE" missed="5" covered="0"/><counter type="COMPLEXITY" missed="2" covered="0"/><counter type="METHOD" missed="1" covered="0"/></method><counter type="INSTRUCTION" missed="33" covered="0"/><counter type="BRANCH" missed="2" covered="0"/><counter type="LINE" missed="6" covered="0"/><counter type="COMPLEXITY" missed="3" covered="0"/><counter type="METHOD" missed="2" covered="0"/><counter type="CLASS" missed="1" covered="0"/></class><class name="com/example/tetris/MainActivity$2"><method name="&lt;init&gt;" desc="(Lcom/example/tetris/MainActivity;)V" line="81"><counter type="INSTRUCTION" missed="6" covered="0"/><counter type="LINE" missed="1" covered="0"/><counter type="COMPLEXITY" missed="1" covered="0"/><counter type="METHOD" missed="1" covered="0"/></method><method name="onClick" desc="(Landroid/view/View;)V" line="84"><counter type="INSTRUCTION" missed="23" covered="0"/><counter type="BRANCH" missed="2" covered="0"/><counter type="LINE" missed="7" covered="0"/><counter type="COMPLEXITY" missed="2" covered="0"/><counter type="METHOD" missed="1" covered="0"/></method><counter type="INSTRUCTION" missed="29" covered="0"/><counter type="BRANCH" missed="2" covered="0"/><counter type="LINE" missed="8" covered="0"/><counter type="COMPLEXITY" missed="3" covered="0"/><counter type="METHOD" missed="2" covered="0"/><counter type="CLASS" missed="1" covered="0"/></class><class name="com/example/tetris/InstruccionesActivity"><method name="&lt;init&gt;" desc="()V" line="7"><counter type="INSTRUCTION" missed="3" covered="0"/><counter type="LINE" missed="1" covered="0"/><counter type="COMPLEXITY" missed="1" covered="0"/><counter type="METHOD" missed="1" covered="0"/></method><method name="onCreate" desc="(Landroid/os/Bundle;)V" line="11"><counter type="INSTRUCTION" missed="7" covered="0"/><counter type="LINE" missed="3" covered="0"/><counter type="COMPLEXITY" missed="1" covered="0"/><counter type="METHOD" missed="1" covered="0"/></method><counter type="INSTRUCTION" missed="10" covered="0"/><counter type="LINE" missed="4" covered="0"/><counter type="COMPLEXITY" missed="2" covered="0"/><counter type="METHOD" missed="2" covered="0"/><counter type="CLASS" missed="1" covered="0"/></class><class name="com/example/tetris/VentanaNext"><method name="&lt;init&gt;" desc="(Landroid/content/Context;Lcom/example/tetris/Tablero;Lcom/example/tetris/Pieza;)V" line="20"><counter type="INSTRUCTION" missed="11" covered="0"/><counter type="LINE" missed="4" covered="0"/><counter type="COMPLEXITY" missed="1" covered="0"/><counter type="METHOD" missed="1" covered="0"/></method><method name="runVentanaNext" desc="(Lcom/example/tetris/Pieza;)V" line="26"><counter type="INSTRUCTION" missed="18" covered="0"/><counter type="LINE" missed="5" covered="0"/><counter type="COMPLEXITY" missed="1" covered="0"/><counter type="METHOD" missed="1" covered="0"/></method><method name="limpiarVentana" desc="()V" line="33"><counter type="INSTRUCTION" missed="23" covered="0"/><counter type="BRANCH" missed="4" covered="0"/><counter type="LINE" missed="4" covered="0"/><counter type="COMPLEXITY" missed="3" covered="0"/><counter type="METHOD" missed="1" covered="0"/></method><method name="getPieza" desc="(Lcom/example/tetris/Pieza;)Lcom/example/tetris/Pieza;" line="42"><counter type="INSTRUCTION" missed="221" covered="0"/><counter type="BRANCH" missed="8" covered="0"/><counter type="LINE" missed="78" covered="0"/><counter type="COMPLEXITY" missed="8" covered="0"/><counter type="METHOD" missed="1" covered="0"/></method><method name="onDraw" desc="(Landroid/graphics/Canvas;)V" line="147"><counter type="INSTRUCTION" missed="75" covered="0"/><counter type="BRANCH" missed="6" covered="0"/><counter type="LINE" missed="11" covered="0"/><counter type="COMPLEXITY" missed="4" covered="0"/><counter type="METHOD" missed="1" covered="0"/></method><counter type="INSTRUCTION" missed="348" covered="0"/><counter type="BRANCH" missed="18" covered="0"/><counter type="LINE" missed="102" covered="0"/><counter type="COMPLEXITY" missed="17" covered="0"/><counter type="METHOD" missed="5" covered="0"/><counter type="CLASS" missed="1" covered="0"/></class><class name="com/example/tetris/AjustesActivity$2"><method name="&lt;init&gt;" desc="(Lcom/example/tetris/AjustesActivity;)V" line="32"><counter type="INSTRUCTION" missed="6" covered="0"/><counter type="LINE" missed="1" covered="0"/><counter type="COMPLEXITY" missed="1" covered="0"/><counter type="METHOD" missed="1" covered="0"/></method><method name="onClick" desc="(Landroid/view/View;)V" line="35"><counter type="INSTRUCTION" missed="12" covered="0"/><counter type="LINE" missed="3" covered="0"/><counter type="COMPLEXITY" missed="1" covered="0"/><counter type="METHOD" missed="1" covered="0"/></method><counter type="INSTRUCTION" missed="18" covered="0"/><counter type="LINE" missed="4" covered="0"/><counter type="COMPLEXITY" missed="2" covered="0"/><counter type="METHOD" missed="2" covered="0"/><counter type="CLASS" missed="1" covered="0"/></class><class name="com/example/tetris/AjustesActivity$1"><method name="&lt;init&gt;" desc="(Lcom/example/tetris/AjustesActivity;)V" line="23"><counter type="INSTRUCTION" missed="6" covered="0"/><counter type="LINE" missed="1" covered="0"/><counter type="COMPLEXITY" missed="1" covered="0"/><counter type="METHOD" missed="1" covered="0"/></method><method name="onClick" desc="(Landroid/view/View;)V" line="26"><counter type="INSTRUCTION" missed="12" covered="0"/><counter type="LINE" missed="3" covered="0"/><counter type="COMPLEXITY" missed="1" covered="0"/><counter type="METHOD" missed="1" covered="0"/></method><counter type="INSTRUCTION" missed="18" covered="0"/><counter type="LINE" missed="4" covered="0"/><counter type="COMPLEXITY" missed="2" covered="0"/><counter type="METHOD" missed="2" covered="0"/><counter type="CLASS" missed="1" covered="0"/></class><class name="com/example/tetris/AjustesActivity$3"><method name="&lt;init&gt;" desc="(Lcom/example/tetris/AjustesActivity;)V" line="41"><counter type="INSTRUCTION" missed="6" covered="0"/><counter type="LINE" missed="1" covered="0"/><counter type="COMPLEXITY" missed="1" covered="0"/><counter type="METHOD" missed="1" covered="0"/></method><method name="onClick" desc="(Landroid/view/View;)V" line="44"><counter type="INSTRUCTION" missed="12" covered="0"/><counter type="LINE" missed="3" covered="0"/><counter type="COMPLEXITY" missed="1" covered="0"/><counter type="METHOD" missed="1" covered="0"/></method><counter type="INSTRUCTION" missed="18" covered="0"/><counter type="LINE" missed="4" covered="0"/><counter type="COMPLEXITY" missed="2" covered="0"/><counter type="METHOD" missed="2" covered="0"/><counter type="CLASS" missed="1" covered="0"/></class><class name="com/example/tetris/MainActivity"><method name="&lt;init&gt;" desc="()V" line="23"><counter type="INSTRUCTION" missed="13" covered="0"/><counter type="LINE" missed="3" covered="0"/><counter type="COMPLEXITY" missed="1" covered="0"/><counter type="METHOD" missed="1" covered="0"/></method><method name="onCreate" desc="(Landroid/os/Bundle;)V" line="36"><counter type="INSTRUCTION" missed="161" covered="0"/><counter type="LINE" missed="33" covered="0"/><counter type="COMPLEXITY" missed="1" covered="0"/><counter type="METHOD" missed="1" covered="0"/></method><method name="onBackPressed" desc="()V" line="97"><counter type="INSTRUCTION" missed="6" covered="0"/><counter type="LINE" missed="2" covered="0"/><counter type="COMPLEXITY" missed="1" covered="0"/><counter type="METHOD" missed="1" covered="0"/></method><method name="getBotonDcha" desc="()Landroid/widget/ImageButton;" line="101"><counter type="INSTRUCTION" missed="5" covered="0"/><counter type="LINE" missed="1" covered="0"/><counter type="COMPLEXITY" missed="1" covered="0"/><counter type="METHOD" missed="1" covered="0"/></method><method name="getBotonBajar" desc="()Landroid/widget/ImageButton;" line="105"><counter type="INSTRUCTION" missed="5" covered="0"/><counter type="LINE" missed="1" covered="0"/><counter type="COMPLEXITY" missed="1" covered="0"/><counter type="METHOD" missed="1" covered="0"/></method><method name="getBotonIzda" desc="()Landroid/widget/ImageButton;" line="109"><counter type="INSTRUCTION" missed="5" covered="0"/><counter type="LINE" missed="1" covered="0"/><counter type="COMPLEXITY" missed="1" covered="0"/><counter type="METHOD" missed="1" covered="0"/></method><method name="getBotonRotar" desc="()Landroid/widget/ImageButton;" line="113"><counter type="INSTRUCTION" missed="5" covered="0"/><counter type="LINE" missed="1" covered="0"/><counter type="COMPLEXITY" missed="1" covered="0"/><counter type="METHOD" missed="1" covered="0"/></method><method name="getSnap" desc="()Landroid/widget/ImageButton;" line="117"><counter type="INSTRUCTION" missed="5" covered="0"/><counter type="LINE" missed="1" covered="0"/><counter type="COMPLEXITY" missed="1" covered="0"/><counter type="METHOD" missed="1" covered="0"/></method><method name="getPuntos" desc="()Landroid/widget/TextView;" line="121"><counter type="INSTRUCTION" missed="3" covered="0"/><counter type="LINE" missed="1" covered="0"/><counter type="COMPLEXITY" missed="1" covered="0"/><counter type="METHOD" missed="1" covered="0"/></method><method name="getNivel" desc="()Landroid/widget/TextView;" line="125"><counter type="INSTRUCTION" missed="3" covered="0"/><counter type="LINE" missed="1" covered="0"/><counter type="COMPLEXITY" missed="1" covered="0"/><counter type="METHOD" missed="1" covered="0"/></method><method name="gameOver" desc="(II)V" line="129"><counter type="INSTRUCTION" missed="23" covered="0"/><counter type="LINE" missed="6" covered="0"/><counter type="COMPLEXITY" missed="1" covered="0"/><counter type="METHOD" missed="1" covered="0"/></method><method name="getAudio" desc="()Lcom/example/tetris/AudioService;" line="137"><counter type="INSTRUCTION" missed="3" covered="0"/><counter type="LINE" missed="1" covered="0"/><counter type="COMPLEXITY" missed="1" covered="0"/><counter type="METHOD" missed="1" covered="0"/></method><counter type="INSTRUCTION" missed="237" covered="0"/><counter type="LINE" missed="52" covered="0"/><counter type="COMPLEXITY" missed="12" covered="0"/><counter type="METHOD" missed="12" covered="0"/><counter type="CLASS" missed="1" covered="0"/></class><class name="com/example/tetris/Inicio"><method name="&lt;init&gt;" desc="()V" line="18"><counter type="INSTRUCTION" missed="3" covered="0"/><counter type="LINE" missed="1" covered="0"/><counter type="COMPLEXITY" missed="1" covered="0"/><counter type="METHOD" missed="1" covered="0"/></method><method name="onCreate" desc="(Landroid/os/Bundle;)V" line="26"><counter type="INSTRUCTION" missed="56" covered="0"/><counter type="LINE" missed="11" covered="0"/><counter type="COMPLEXITY" missed="1" covered="0"/><counter type="METHOD" missed="1" covered="0"/></method><method name="onBackPressed" desc="()V" line="69"><counter type="INSTRUCTION" missed="20" covered="0"/><counter type="LINE" missed="6" covered="0"/><counter type="COMPLEXITY" missed="1" covered="0"/><counter type="METHOD" missed="1" covered="0"/></method><counter type="INSTRUCTION" missed="79" covered="0"/><counter type="LINE" missed="18" covered="0"/><counter type="COMPLEXITY" missed="3" covered="0"/><counter type="METHOD" missed="3" covered="0"/><counter type="CLASS" missed="1" covered="0"/></class><class name="com/example/tetris/Rankings$2"><method name="&lt;init&gt;" desc="(Lcom/example/tetris/Rankings;)V" line="103"><counter type="INSTRUCTION" missed="6" covered="0"/><counter type="LINE" missed="1" covered="0"/><counter type="COMPLEXITY" missed="1" covered="0"/><counter type="METHOD" missed="1" covered="0"/></method><method name="onClick" desc="(Landroid/view/View;)V" line="106"><counter type="INSTRUCTION" missed="12" covered="0"/><counter type="LINE" missed="3" covered="0"/><counter type="COMPLEXITY" missed="1" covered="0"/><counter type="METHOD" missed="1" covered="0"/></method><counter type="INSTRUCTION" missed="18" covered="0"/><counter type="LINE" missed="4" covered="0"/><counter type="COMPLEXITY" missed="2" covered="0"/><counter type="METHOD" missed="2" covered="0"/><counter type="CLASS" missed="1" covered="0"/></class><class name="com/example/tetris/AdminSQLiteOpenHelper"><method name="&lt;init&gt;" desc="(Landroid/content/Context;Ljava/lang/String;Landroid/database/sqlite/SQLiteDatabase$CursorFactory;I)V" line="15"><counter type="INSTRUCTION" missed="7" covered="0"/><counter type="LINE" missed="2" covered="0"/><counter type="COMPLEXITY" missed="1" covered="0"/><counter type="METHOD" missed="1" covered="0"/></method><method name="onCreate" desc="(Landroid/database/sqlite/SQLiteDatabase;)V" line="23"><counter type="INSTRUCTION" missed="7" covered="0"/><counter type="LINE" missed="3" covered="0"/><counter type="COMPLEXITY" missed="1" covered="0"/><counter type="METHOD" missed="1" covered="0"/></method><method name="onUpgrade" desc="(Landroid/database/sqlite/SQLiteDatabase;II)V" line="30"><counter type="INSTRUCTION" missed="1" covered="0"/><counter type="LINE" missed="1" covered="0"/><counter type="COMPLEXITY" missed="1" covered="0"/><counter type="METHOD" missed="1" covered="0"/></method><counter type="INSTRUCTION" missed="15" covered="0"/><counter type="LINE" missed="6" covered="0"/><counter type="COMPLEXITY" missed="3" covered="0"/><counter type="METHOD" missed="3" covered="0"/><counter type="CLASS" missed="1" covered="0"/></class><class name="com/example/tetris/Rankings$1"><method name="&lt;init&gt;" desc="(Lcom/example/tetris/Rankings;)V" line="96"><counter type="INSTRUCTION" missed="6" covered="0"/><counter type="LINE" missed="1" covered="0"/><counter type="COMPLEXITY" missed="1" covered="0"/><counter type="METHOD" missed="1" covered="0"/></method><method name="onClick" desc="(Landroid/view/View;)V" line="99"><counter type="INSTRUCTION" missed="5" covered="0"/><counter type="LINE" missed="2" covered="0"/><counter type="COMPLEXITY" missed="1" covered="0"/><counter type="METHOD" missed="1" covered="0"/></method><counter type="INSTRUCTION" missed="11" covered="0"/><counter type="LINE" missed="3" covered="0"/><counter type="COMPLEXITY" missed="2" covered="0"/><counter type="METHOD" missed="2" covered="0"/><counter type="CLASS" missed="1" covered="0"/></class><class name="com/example/tetris/Inicio$2"><method name="&lt;init&gt;" desc="(Lcom/example/tetris/Inicio;)V" line="46"><counter type="INSTRUCTION" missed="6" covered="0"/><counter type="LINE" missed="1" covered="0"/><counter type="COMPLEXITY" missed="1" covered="0"/><counter type="METHOD" missed="1" covered="0"/></method><method name="onClick" desc="(Landroid/view/View;)V" line="49"><counter type="INSTRUCTION" missed="21" covered="0"/><counter type="LINE" missed="5" covered="0"/><counter type="COMPLEXITY" missed="1" covered="0"/><counter type="METHOD" missed="1" covered="0"/></method><counter type="INSTRUCTION" missed="27" covered="0"/><counter type="LINE" missed="6" covered="0"/><counter type="COMPLEXITY" missed="2" covered="0"/><counter type="METHOD" missed="2" covered="0"/><counter type="CLASS" missed="1" covered="0"/></class><class name="com/example/tetris/Inicio$3"><method name="&lt;init&gt;" desc="(Lcom/example/tetris/Inicio;)V" line="57"><counter type="INSTRUCTION" missed="6" covered="0"/><counter type="LINE" missed="1" covered="0"/><counter type="COMPLEXITY" missed="1" covered="0"/><counter type="METHOD" missed="1" covered="0"/></method><method name="onClick" desc="(Landroid/view/View;)V" line="60"><counter type="INSTRUCTION" missed="12" covered="0"/><counter type="LINE" missed="3" covered="0"/><counter type="COMPLEXITY" missed="1" covered="0"/><counter type="METHOD" missed="1" covered="0"/></method><counter type="INSTRUCTION" missed="18" covered="0"/><counter type="LINE" missed="4" covered="0"/><counter type="COMPLEXITY" missed="2" covered="0"/><counter type="METHOD" missed="2" covered="0"/><counter type="CLASS" missed="1" covered="0"/></class><class name="com/example/tetris/CreditosActivity"><method name="&lt;init&gt;" desc="()V" line="7"><counter type="INSTRUCTION" missed="3" covered="0"/><counter type="LINE" missed="1" covered="0"/><counter type="COMPLEXITY" missed="1" covered="0"/><counter type="METHOD" missed="1" covered="0"/></method><method name="onCreate" desc="(Landroid/os/Bundle;)V" line="11"><counter type="INSTRUCTION" missed="7" covered="0"/><counter type="LINE" missed="3" covered="0"/><counter type="COMPLEXITY" missed="1" covered="0"/><counter type="METHOD" missed="1" covered="0"/></method><counter type="INSTRUCTION" missed="10" covered="0"/><counter type="LINE" missed="4" covered="0"/><counter type="COMPLEXITY" missed="2" covered="0"/><counter type="METHOD" missed="2" covered="0"/><counter type="CLASS" missed="1" covered="0"/></class><class name="com/example/tetris/Inicio$1"><method name="&lt;init&gt;" desc="(Lcom/example/tetris/Inicio;)V" line="34"><counter type="INSTRUCTION" missed="6" covered="0"/><counter type="LINE" missed="1" covered="0"/><counter type="COMPLEXITY" missed="1" covered="0"/><counter type="METHOD" missed="1" covered="0"/></method><method name="onClick" desc="(Landroid/view/View;)V" line="37"><counter type="INSTRUCTION" missed="21" covered="0"/><counter type="LINE" missed="5" covered="0"/><counter type="COMPLEXITY" missed="1" covered="0"/><counter type="METHOD" missed="1" covered="0"/></method><counter type="INSTRUCTION" missed="27" covered="0"/><counter type="LINE" missed="6" covered="0"/><counter type="COMPLEXITY" missed="2" covered="0"/><counter type="METHOD" missed="2" covered="0"/><counter type="CLASS" missed="1" covered="0"/></class><class name="com/example/tetris/AjustesActivity"><method name="&lt;init&gt;" desc="()V" line="10"><counter type="INSTRUCTION" missed="3" covered="0"/><counter type="LINE" missed="1" covered="0"/><counter type="COMPLEXITY" missed="1" covered="0"/><counter type="METHOD" missed="1" covered="0"/></method><method name="onCreate" desc="(Landroid/os/Bundle;)V" line="18"><counter type="INSTRUCTION" missed="46" covered="0"/><counter type="LINE" missed="9" covered="0"/><counter type="COMPLEXITY" missed="1" covered="0"/><counter type="METHOD" missed="1" covered="0"/></method><counter type="INSTRUCTION" missed="49" covered="0"/><counter type="LINE" missed="10" covered="0"/><counter type="COMPLEXITY" missed="2" covered="0"/><counter type="METHOD" missed="2" covered="0"/><counter type="CLASS" missed="1" covered="0"/></class><class name="com/example/tetris/Juego$3"><method name="&lt;init&gt;" desc="(Lcom/example/tetris/Juego;)V" line="150"><counter type="INSTRUCTION" missed="6" covered="0"/><counter type="LINE" missed="1" covered="0"/><counter type="COMPLEXITY" missed="1" covered="0"/><counter type="METHOD" missed="1" covered="0"/></method><method name="run" desc="()V" line="153"><counter type="INSTRUCTION" missed="9" covered="0"/><counter type="LINE" missed="2" covered="0"/><counter type="COMPLEXITY" missed="1" covered="0"/><counter type="METHOD" missed="1" covered="0"/></method><counter type="INSTRUCTION" missed="15" covered="0"/><counter type="LINE" missed="3" covered="0"/><counter type="COMPLEXITY" missed="2" covered="0"/><counter type="METHOD" missed="2" covered="0"/><counter type="CLASS" missed="1" covered="0"/></class><class name="com/example/tetris/Exit"><method name="&lt;init&gt;" desc="()V" line="32"><counter type="INSTRUCTION" missed="3" covered="0"/><counter type="LINE" missed="1" covered="0"/><counter type="COMPLEXITY" missed="1" covered="0"/><counter type="METHOD" missed="1" covered="0"/></method><method name="onCreate" desc="(Landroid/os/Bundle;)V" line="50"><counter type="INSTRUCTION" missed="111" covered="0"/><counter type="BRANCH" missed="4" covered="0"/><counter type="LINE" missed="20" covered="0"/><counter type="COMPLEXITY" missed="3" covered="0"/><counter type="METHOD" missed="1" covered="0"/></method><method name="fin" desc="()V" line="100"><counter type="INSTRUCTION" missed="3" covered="0"/><counter type="LINE" missed="2" covered="0"/><counter type="COMPLEXITY" missed="1" covered="0"/><counter type="METHOD" missed="1" covered="0"/></method><method name="onBackPressed" desc="()V" line="104"><counter type="INSTRUCTION" missed="6" covered="0"/><counter type="LINE" missed="2" covered="0"/><counter type="COMPLEXITY" missed="1" covered="0"/><counter type="METHOD" missed="1" covered="0"/></method><method name="Registrar" desc="(Landroid/view/View;)V" line="108"><counter type="INSTRUCTION" missed="108" covered="0"/><counter type="BRANCH" missed="16" covered="0"/><counter type="LINE" missed="24" covered="0"/><counter type="COMPLEXITY" missed="9" covered="0"/><counter type="METHOD" missed="1" covered="0"/></method><method name="createImageFile" desc="()Ljava/io/File;" line="153"><counter type="INSTRUCTION" missed="35" covered="0"/><counter type="LINE" missed="6" covered="0"/><counter type="COMPLEXITY" missed="1" covered="0"/><counter type="METHOD" missed="1" covered="0"/></method><method name="tomarFoto" desc="(Landroid/view/View;)V" line="170"><counter type="INSTRUCTION" missed="37" covered="0"/><counter type="BRANCH" missed="4" covered="0"/><counter type="LINE" missed="12" covered="0"/><counter type="COMPLEXITY" missed="3" covered="0"/><counter type="METHOD" missed="1" covered="0"/></method><method name="onActivityResult" desc="(IILandroid/content/Intent;)V" line="195"><counter type="INSTRUCTION" missed="21" covered="0"/><counter type="BRANCH" missed="4" covered="0"/><counter type="LINE" missed="5" covered="0"/><counter type="COMPLEXITY" missed="3" covered="0"/><counter type="METHOD" missed="1" covered="0"/></method><method name="guardarImagen" desc="(Landroid/graphics/Bitmap;)V" line="203"><counter type="INSTRUCTION" missed="16" covered="0"/><counter type="LINE" missed="4" covered="0"/><counter type="COMPLEXITY" missed="1" covered="0"/><counter type="METHOD" missed="1" covered="0"/></method><counter type="INSTRUCTION" missed="340" covered="0"/><counter type="BRANCH" missed="28" covered="0"/><counter type="LINE" missed="76" covered="0"/><counter type="COMPLEXITY" missed="23" covered="0"/><counter type="METHOD" missed="9" covered="0"/><counter type="CLASS" missed="1" covered="0"/></class><class name="com/example/tetris/Rankings"><method name="&lt;init&gt;" desc="()V" line="20"><counter type="INSTRUCTION" missed="6" covered="0"/><counter type="LINE" missed="2" covered="0"/><counter type="COMPLEXITY" missed="1" covered="0"/><counter type="METHOD" missed="1" covered="0"/></method><method name="onCreate" desc="(Landroid/os/Bundle;)V" line="52"><counter type="INSTRUCTION" missed="199" covered="0"/><counter type="BRANCH" missed="2" covered="0"/><counter type="LINE" missed="38" covered="0"/><counter type="COMPLEXITY" missed="2" covered="0"/><counter type="METHOD" missed="1" covered="0"/></method><method name="mostrarTop5" desc="()V" line="115"><counter type="INSTRUCTION" missed="250" covered="0"/><counter type="BRANCH" missed="9" covered="0"/><counter type="LINE" missed="68" covered="0"/><counter type="COMPLEXITY" missed="8" covered="0"/><counter type="METHOD" missed="1" covered="0"/></method><method name="mostrarTop5Aux" desc="(Landroid/database/Cursor;)Landroid/graphics/Bitmap;" line="202"><counter type="INSTRUCTION" missed="16" covered="0"/><counter type="BRANCH" missed="2" covered="0"/><counter type="LINE" missed="5" covered="0"/><counter type="COMPLEXITY" missed="2" covered="0"/><counter type="METHOD" missed="1" covered="0"/></method><method name="rellenerBBDD_Testeable" desc="()V" line="211"><counter type="INSTRUCTION" missed="129" covered="0"/><counter type="LINE" missed="27" covered="0"/><counter type="COMPLEXITY" missed="1" covered="0"/><counter type="METHOD" missed="1" covered="0"/></method><method name="restablecerEstadiaticas" desc="(Landroid/view/View;)V" line="245"><counter type="INSTRUCTION" missed="76" covered="0"/><counter type="LINE" missed="18" covered="0"/><counter type="COMPLEXITY" missed="1" covered="0"/><counter type="METHOD" missed="1" covered="0"/></method><counter type="INSTRUCTION" missed="676" covered="0"/><counter type="BRANCH" missed="13" covered="0"/><counter type="LINE" missed="158" covered="0"/><counter type="COMPLEXITY" missed="15" covered="0"/><counter type="METHOD" missed="6" covered="0"/><counter type="CLASS" missed="1" covered="0"/></class><class name="com/example/tetris/Juego$1"><method name="&lt;init&gt;" desc="(Lcom/example/tetris/Juego;)V" line="85"><counter type="INSTRUCTION" missed="6" covered="0"/><counter type="LINE" missed="1" covered="0"/><counter type="COMPLEXITY" missed="1" covered="0"/><counter type="METHOD" missed="1" covered="0"/></method><method name="run" desc="()V" line="88"><counter type="INSTRUCTION" missed="9" covered="0"/><counter type="LINE" missed="2" covered="0"/><counter type="COMPLEXITY" missed="1" covered="0"/><counter type="METHOD" missed="1" covered="0"/></method><counter type="INSTRUCTION" missed="15" covered="0"/><counter type="LINE" missed="3" covered="0"/><counter type="COMPLEXITY" missed="2" covered="0"/><counter type="METHOD" missed="2" covered="0"/><counter type="CLASS" missed="1" covered="0"/></class><class name="com/example/tetris/Juego$2"><method name="&lt;init&gt;" desc="(Lcom/example/tetris/Juego;)V" line="101"><counter type="INSTRUCTION" missed="6" covered="0"/><counter type="LINE" missed="1" covered="0"/><counter type="COMPLEXITY" missed="1" covered="0"/><counter type="METHOD" missed="1" covered="0"/></method><method name="run" desc="()V" line="105"><counter type="INSTRUCTION" missed="9" covered="0"/><counter type="LINE" missed="2" covered="0"/><counter type="COMPLEXITY" missed="1" covered="0"/><counter type="METHOD" missed="1" covered="0"/></method><counter type="INSTRUCTION" missed="15" covered="0"/><counter type="LINE" missed="3" covered="0"/><counter type="COMPLEXITY" missed="2" covered="0"/><counter type="METHOD" missed="2" covered="0"/><counter type="CLASS" missed="1" covered="0"/></class><class name="com/example/tetris/Juego$3$1"><method name="&lt;init&gt;" desc="(Lcom/example/tetris/Juego$3;)V" line="153"><counter type="INSTRUCTION" missed="6" covered="0"/><counter type="LINE" missed="1" covered="0"/><counter type="COMPLEXITY" missed="1" covered="0"/><counter type="METHOD" missed="1" covered="0"/></method><method name="run" desc="()V" line="157"><counter type="INSTRUCTION" missed="319" covered="0"/><counter type="BRANCH" missed="14" covered="0"/><counter type="LINE" missed="38" covered="0"/><counter type="COMPLEXITY" missed="8" covered="0"/><counter type="METHOD" missed="1" covered="0"/></method><counter type="INSTRUCTION" missed="325" covered="0"/><counter type="BRANCH" missed="14" covered="0"/><counter type="LINE" missed="39" covered="0"/><counter type="COMPLEXITY" missed="9" covered="0"/><counter type="METHOD" missed="2" covered="0"/><counter type="CLASS" missed="1" covered="0"/></class><class name="com/example/tetris/Juego$2$1"><method name="&lt;init&gt;" desc="(Lcom/example/tetris/Juego$2;)V" line="105"><counter type="INSTRUCTION" missed="6" covered="0"/><counter type="LINE" missed="1" covered="0"/><counter type="COMPLEXITY" missed="1" covered="0"/><counter type="METHOD" missed="1" covered="0"/></method><method name="run" desc="()V" line="109"><counter type="INSTRUCTION" missed="249" covered="0"/><counter type="BRANCH" missed="12" covered="0"/><counter type="LINE" missed="28" covered="0"/><counter type="COMPLEXITY" missed="7" covered="0"/><counter type="METHOD" missed="1" covered="0"/></method><counter type="INSTRUCTION" missed="255" covered="0"/><counter type="BRANCH" missed="12" covered="0"/><counter type="LINE" missed="29" covered="0"/><counter type="COMPLEXITY" missed="8" covered="0"/><counter type="METHOD" missed="2" covered="0"/><counter type="CLASS" missed="1" covered="0"/></class><class name="com/example/tetris/Juego"><method name="&lt;init&gt;" desc="(Landroid/content/Context;Lcom/example/tetris/Tablero;Lcom/example/tetris/VentanaNext;ILcom/example/tetris/AudioService;)V" line="29"><counter type="INSTRUCTION" missed="135" covered="0"/><counter type="BRANCH" missed="2" covered="0"/><counter type="LINE" missed="37" covered="0"/><counter type="COMPLEXITY" missed="2" covered="0"/><counter type="METHOD" missed="1" covered="0"/></method><method name="Cronometro" desc="()V" line="85"><counter type="INSTRUCTION" missed="12" covered="0"/><counter type="LINE" missed="2" covered="0"/><counter type="COMPLEXITY" missed="1" covered="0"/><counter type="METHOD" missed="1" covered="0"/></method><method name="loopClasico" desc="()V" line="100"><counter type="INSTRUCTION" missed="20" covered="0"/><counter type="LINE" missed="3" covered="0"/><counter type="COMPLEXITY" missed="1" covered="0"/><counter type="METHOD" missed="1" covered="0"/></method><method name="gameLoop" desc="()V" line="149"><counter type="INSTRUCTION" missed="20" covered="0"/><counter type="LINE" missed="3" covered="0"/><counter type="COMPLEXITY" missed="1" covered="0"/><counter type="METHOD" missed="1" covered="0"/></method><method name="checkContador" desc="()V" line="208"><counter type="INSTRUCTION" missed="35" covered="0"/><counter type="BRANCH" missed="4" covered="0"/><counter type="LINE" missed="8" covered="0"/><counter type="COMPLEXITY" missed="3" covered="0"/><counter type="METHOD" missed="1" covered="0"/></method><method name="piezaTroll" desc="(I)V" line="219"><counter type="INSTRUCTION" missed="31" covered="0"/><counter type="BRANCH" missed="4" covered="0"/><counter type="LINE" missed="7" covered="0"/><counter type="COMPLEXITY" missed="3" covered="0"/><counter type="METHOD" missed="1" covered="0"/></method><method name="checkComerTablero" desc="()V" line="229"><counter type="INSTRUCTION" missed="31" covered="0"/><counter type="BRANCH" missed="6" covered="0"/><counter type="LINE" missed="5" covered="0"/><counter type="COMPLEXITY" missed="4" covered="0"/><counter type="METHOD" missed="1" covered="0"/></method><method name="cambiarCancion20s" desc="()V" line="238"><counter type="INSTRUCTION" missed="56" covered="0"/><counter type="BRANCH" missed="8" covered="0"/><counter type="LINE" missed="15" covered="0"/><counter type="COMPLEXITY" missed="7" covered="0"/><counter type="METHOD" missed="1" covered="0"/></method><method name="checkSiguienteCont" desc="()V" line="262"><counter type="INSTRUCTION" missed="23" covered="0"/><counter type="BRANCH" missed="2" covered="0"/><counter type="LINE" missed="4" covered="0"/><counter type="COMPLEXITY" missed="2" covered="0"/><counter type="METHOD" missed="1" covered="0"/></method><method name="cambiarColorLinea" desc="(I)V" line="270"><counter type="INSTRUCTION" missed="16" covered="0"/><counter type="BRANCH" missed="4" covered="0"/><counter type="LINE" missed="6" covered="0"/><counter type="COMPLEXITY" missed="3" covered="0"/><counter type="METHOD" missed="1" covered="0"/></method><method name="onDraw" desc="(Landroid/graphics/Canvas;)V" line="283"><counter type="INSTRUCTION" missed="157" covered="0"/><counter type="BRANCH" missed="8" covered="0"/><counter type="LINE" missed="17" covered="0"/><counter type="COMPLEXITY" missed="5" covered="0"/><counter type="METHOD" missed="1" covered="0"/></method><method name="onClick" desc="(Landroid/view/View;)V" line="314"><counter type="INSTRUCTION" missed="126" covered="0"/><counter type="BRANCH" missed="12" covered="0"/><counter type="LINE" missed="33" covered="0"/><counter type="COMPLEXITY" missed="9" covered="0"/><counter type="METHOD" missed="1" covered="0"/></method><method name="getNewAS" desc="()Lcom/example/tetris/AudioService;" line="358"><counter type="INSTRUCTION" missed="3" covered="0"/><counter type="LINE" missed="1" covered="0"/><counter type="COMPLEXITY" missed="1" covered="0"/><counter type="METHOD" missed="1" covered="0"/></method><method name="setPuntos" desc="(I)V" line="360"><counter type="INSTRUCTION" missed="5" covered="0"/><counter type="LINE" missed="1" covered="0"/><counter type="COMPLEXITY" missed="1" covered="0"/><counter type="METHOD" missed="1" covered="0"/></method><method name="getPuntos" desc="()I" line="363"><counter type="INSTRUCTION" missed="2" covered="0"/><counter type="LINE" missed="1" covered="0"/><counter type="COMPLEXITY" missed="1" covered="0"/><counter type="METHOD" missed="1" covered="0"/></method><method name="reiniciarPuntos" desc="()V" line="367"><counter type="INSTRUCTION" missed="3" covered="0"/><counter type="LINE" missed="2" covered="0"/><counter type="COMPLEXITY" missed="1" covered="0"/><counter type="METHOD" missed="1" covered="0"/></method><method name="getNivel" desc="()I" line="371"><counter type="INSTRUCTION" missed="3" covered="0"/><counter type="LINE" missed="1" covered="0"/><counter type="COMPLEXITY" missed="1" covered="0"/><counter type="METHOD" missed="1" covered="0"/></method><method name="setNivel" desc="()V" line="376"><counter type="INSTRUCTION" missed="61" covered="0"/><counter type="BRANCH" missed="20" covered="0"/><counter type="LINE" missed="21" covered="0"/><counter type="COMPLEXITY" missed="11" covered="0"/><counter type="METHOD" missed="1" covered="0"/></method><method name="&lt;clinit&gt;" desc="()V" line="30"><counter type="INSTRUCTION" missed="3" covered="0"/><counter type="LINE" missed="1" covered="0"/><counter type="COMPLEXITY" missed="1" covered="0"/><counter type="METHOD" missed="1" covered="0"/></method><counter type="INSTRUCTION" missed="742" covered="0"/><counter type="BRANCH" missed="70" covered="0"/><counter type="LINE" missed="168" covered="0"/><counter type="COMPLEXITY" missed="58" covered="0"/><counter type="METHOD" missed="19" covered="0"/><counter type="CLASS" missed="1" covered="0"/></class><class name="com/example/tetris/Juego$1$1"><method name="&lt;init&gt;" desc="(Lcom/example/tetris/Juego$1;)V" line="88"><counter type="INSTRUCTION" missed="6" covered="0"/><counter type="LINE" missed="1" covered="0"/><counter type="COMPLEXITY" missed="1" covered="0"/><counter type="METHOD" missed="1" covered="0"/></method><method name="run" desc="()V" line="92"><counter type="INSTRUCTION" missed="9" covered="0"/><counter type="LINE" missed="2" covered="0"/><counter type="COMPLEXITY" missed="1" covered="0"/><counter type="METHOD" missed="1" covered="0"/></method><counter type="INSTRUCTION" missed="15" covered="0"/><counter type="LINE" missed="3" covered="0"/><counter type="COMPLEXITY" missed="2" covered="0"/><counter type="METHOD" missed="2" covered="0"/><counter type="CLASS" missed="1" covered="0"/></class><sourcefile name="ColoresActivity.java"><line nr="13" mi="3" ci="0" mb="0" cb="0"/><line nr="25" mi="3" ci="0" mb="0" cb="0"/><line nr="26" mi="3" ci="0" mb="0" cb="0"/><line nr="28" mi="6" ci="0" mb="0" cb="0"/><line nr="29" mi="6" ci="0" mb="0" cb="0"/><line nr="30" mi="6" ci="0" mb="0" cb="0"/><line nr="31" mi="6" ci="0" mb="0" cb="0"/><line nr="32" mi="6" ci="0" mb="0" cb="0"/><line nr="33" mi="6" ci="0" mb="0" cb="0"/><line nr="34" mi="6" ci="0" mb="0" cb="0"/><line nr="36" mi="31" ci="0" mb="0" cb="0"/><line nr="37" mi="7" ci="0" mb="0" cb="0"/><line nr="39" mi="4" ci="0" mb="0" cb="0"/><line nr="40" mi="4" ci="0" mb="0" cb="0"/><line nr="41" mi="4" ci="0" mb="0" cb="0"/><line nr="42" mi="4" ci="0" mb="0" cb="0"/><line nr="43" mi="4" ci="0" mb="0" cb="0"/><line nr="44" mi="4" ci="0" mb="0" cb="0"/><line nr="45" mi="4" ci="0" mb="0" cb="0"/><line nr="46" mi="1" ci="0" mb="0" cb="0"/><line nr="51" mi="5" ci="0" mb="0" cb="0"/><line nr="53" mi="4" ci="0" mb="2" cb="0"/><line nr="54" mi="2" ci="0" mb="0" cb="0"/><line nr="57" mi="4" ci="0" mb="2" cb="0"/><line nr="58" mi="2" ci="0" mb="0" cb="0"/><line nr="59" mi="4" ci="0" mb="2" cb="0"/><line nr="60" mi="2" ci="0" mb="0" cb="0"/><line nr="61" mi="4" ci="0" mb="2" cb="0"/><line nr="62" mi="2" ci="0" mb="0" cb="0"/><line nr="63" mi="4" ci="0" mb="2" cb="0"/><line nr="64" mi="2" ci="0" mb="0" cb="0"/><line nr="65" mi="4" ci="0" mb="2" cb="0"/><line nr="66" mi="2" ci="0" mb="0" cb="0"/><line nr="67" mi="4" ci="0" mb="2" cb="0"/><line nr="68" mi="2" ci="0" mb="0" cb="0"/><line nr="71" mi="5" ci="0" mb="0" cb="0"/><line nr="72" mi="4" ci="0" mb="2" cb="0"/><line nr="74" mi="2" ci="0" mb="0" cb="0"/><line nr="76" mi="4" ci="0" mb="2" cb="0"/><line nr="77" mi="2" ci="0" mb="0" cb="0"/><line nr="78" mi="4" ci="0" mb="2" cb="0"/><line nr="79" mi="2" ci="0" mb="0" cb="0"/><line nr="80" mi="4" ci="0" mb="2" cb="0"/><line nr="81" mi="2" ci="0" mb="0" cb="0"/><line nr="82" mi="4" ci="0" mb="2" cb="0"/><line nr="83" mi="2" ci="0" mb="0" cb="0"/><line nr="84" mi="4" ci="0" mb="2" cb="0"/><line nr="85" mi="2" ci="0" mb="0" cb="0"/><line nr="86" mi="4" ci="0" mb="2" cb="0"/><line nr="87" mi="2" ci="0" mb="0" cb="0"/><line nr="90" mi="5" ci="0" mb="0" cb="0"/><line nr="91" mi="4" ci="0" mb="2" cb="0"/><line nr="93" mi="2" ci="0" mb="0" cb="0"/><line nr="95" mi="4" ci="0" mb="2" cb="0"/><line nr="96" mi="2" ci="0" mb="0" cb="0"/><line nr="97" mi="4" ci="0" mb="2" cb="0"/><line nr="98" mi="2" ci="0" mb="0" cb="0"/><line nr="99" mi="4" ci="0" mb="2" cb="0"/><line nr="100" mi="2" ci="0" mb="0" cb="0"/><line nr="101" mi="4" ci="0" mb="2" cb="0"/><line nr="102" mi="2" ci="0" mb="0" cb="0"/><line nr="103" mi="4" ci="0" mb="2" cb="0"/><line nr="104" mi="2" ci="0" mb="0" cb="0"/><line nr="105" mi="4" ci="0" mb="2" cb="0"/><line nr="106" mi="2" ci="0" mb="0" cb="0"/><line nr="109" mi="5" ci="0" mb="0" cb="0"/><line nr="110" mi="4" ci="0" mb="2" cb="0"/><line nr="112" mi="2" ci="0" mb="0" cb="0"/><line nr="114" mi="4" ci="0" mb="2" cb="0"/><line nr="115" mi="2" ci="0" mb="0" cb="0"/><line nr="116" mi="4" ci="0" mb="2" cb="0"/><line nr="117" mi="2" ci="0" mb="0" cb="0"/><line nr="118" mi="4" ci="0" mb="2" cb="0"/><line nr="119" mi="2" ci="0" mb="0" cb="0"/><line nr="120" mi="4" ci="0" mb="2" cb="0"/><line nr="121" mi="2" ci="0" mb="0" cb="0"/><line nr="122" mi="4" ci="0" mb="2" cb="0"/><line nr="123" mi="2" ci="0" mb="0" cb="0"/><line nr="124" mi="4" ci="0" mb="2" cb="0"/><line nr="125" mi="2" ci="0" mb="0" cb="0"/><line nr="128" mi="5" ci="0" mb="0" cb="0"/><line nr="129" mi="4" ci="0" mb="2" cb="0"/><line nr="131" mi="2" ci="0" mb="0" cb="0"/><line nr="133" mi="4" ci="0" mb="2" cb="0"/><line nr="134" mi="2" ci="0" mb="0" cb="0"/><line nr="135" mi="4" ci="0" mb="2" cb="0"/><line nr="136" mi="2" ci="0" mb="0" cb="0"/><line nr="137" mi="4" ci="0" mb="2" cb="0"/><line nr="138" mi="2" ci="0" mb="0" cb="0"/><line nr="139" mi="4" ci="0" mb="2" cb="0"/><line nr="140" mi="2" ci="0" mb="0" cb="0"/><line nr="141" mi="4" ci="0" mb="2" cb="0"/><line nr="142" mi="2" ci="0" mb="0" cb="0"/><line nr="143" mi="4" ci="0" mb="2" cb="0"/><line nr="144" mi="2" ci="0" mb="0" cb="0"/><line nr="147" mi="5" ci="0" mb="0" cb="0"/><line nr="148" mi="4" ci="0" mb="2" cb="0"/><line nr="150" mi="2" ci="0" mb="0" cb="0"/><line nr="152" mi="4" ci="0" mb="2" cb="0"/><line nr="153" mi="2" ci="0" mb="0" cb="0"/><line nr="154" mi="4" ci="0" mb="2" cb="0"/><line nr="155" mi="2" ci="0" mb="0" cb="0"/><line nr="156" mi="4" ci="0" mb="2" cb="0"/><line nr="157" mi="2" ci="0" mb="0" cb="0"/><line nr="158" mi="4" ci="0" mb="2" cb="0"/><line nr="159" mi="2" ci="0" mb="0" cb="0"/><line nr="160" mi="4" ci="0" mb="2" cb="0"/><line nr="161" mi="2" ci="0" mb="0" cb="0"/><line nr="162" mi="4" ci="0" mb="2" cb="0"/><line nr="163" mi="2" ci="0" mb="0" cb="0"/><line nr="166" mi="5" ci="0" mb="0" cb="0"/><line nr="167" mi="4" ci="0" mb="2" cb="0"/><line nr="169" mi="2" ci="0" mb="0" cb="0"/><line nr="171" mi="4" ci="0" mb="2" cb="0"/><line nr="172" mi="2" ci="0" mb="0" cb="0"/><line nr="173" mi="4" ci="0" mb="2" cb="0"/><line nr="174" mi="2" ci="0" mb="0" cb="0"/><line nr="175" mi="4" ci="0" mb="2" cb="0"/><line nr="176" mi="2" ci="0" mb="0" cb="0"/><line nr="177" mi="4" ci="0" mb="2" cb="0"/><line nr="178" mi="2" ci="0" mb="0" cb="0"/><line nr="179" mi="4" ci="0" mb="2" cb="0"/><line nr="180" mi="2" ci="0" mb="0" cb="0"/><line nr="181" mi="4" ci="0" mb="2" cb="0"/><line nr="182" mi="2" ci="0" mb="0" cb="0"/><line nr="185" mi="1" ci="0" mb="0" cb="0"/><counter type="INSTRUCTION" missed="448" covered="0"/><counter type="BRANCH" missed="98" covered="0"/><counter type="LINE" missed="126" covered="0"/><counter type="COMPLEXITY" missed="52" covered="0"/><counter type="METHOD" missed="3" covered="0"/><counter type="CLASS" missed="1" covered="0"/></sourcefile><sourcefile name="Inicio.java"><line nr="18" mi="3" ci="0" mb="0" cb="0"/><line nr="26" mi="3" ci="0" mb="0" cb="0"/><line nr="27" mi="3" ci="0" mb="0" cb="0"/><line nr="28" mi="5" ci="0" mb="0" cb="0"/><line nr="30" mi="5" ci="0" mb="0" cb="0"/><line nr="33" mi="6" ci="0" mb="0" cb="0"/><line nr="34" mi="13" ci="0" mb="0" cb="0"/><line nr="37" mi="7" ci="0" mb="0" cb="0"/><line nr="38" mi="5" ci="0" mb="0" cb="0"/><line nr="40" mi="4" ci="0" mb="0" cb="0"/><line nr="41" mi="4" ci="0" mb="0" cb="0"/><line nr="42" mi="1" ci="0" mb="0" cb="0"/><line nr="45" mi="6" ci="0" mb="0" cb="0"/><line nr="46" mi="13" ci="0" mb="0" cb="0"/><line nr="49" mi="7" ci="0" mb="0" cb="0"/><line nr="50" mi="5" ci="0" mb="0" cb="0"/><line nr="51" mi="4" ci="0" mb="0" cb="0"/><line nr="52" mi="4" ci="0" mb="0" cb="0"/><line nr="53" mi="1" ci="0" mb="0" cb="0"/><line nr="56" mi="6" ci="0" mb="0" cb="0"/><line nr="57" mi="13" ci="0" mb="0" cb="0"/><line nr="60" mi="7" ci="0" mb="0" cb="0"/><line nr="61" mi="4" ci="0" mb="0" cb="0"/><line nr="62" mi="1" ci="0" mb="0" cb="0"/><line nr="66" mi="1" ci="0" mb="0" cb="0"/><line nr="69" mi="5" ci="0" mb="0" cb="0"/><line nr="70" mi="4" ci="0" mb="0" cb="0"/><line nr="71" mi="4" ci="0" mb="0" cb="0"/><line nr="72" mi="3" ci="0" mb="0" cb="0"/><line nr="73" mi="3" ci="0" mb="0" cb="0"/><line nr="74" mi="1" ci="0" mb="0" cb="0"/><counter type="INSTRUCTION" missed="151" covered="0"/><counter type="LINE" missed="31" covered="0"/><counter type="COMPLEXITY" missed="9" covered="0"/><counter type="METHOD" missed="9" covered="0"/><counter type="CLASS" missed="4" covered="0"/></sourcefile><sourcefile name="MainActivity.java"><line nr="23" mi="2" ci="0" mb="0" cb="0"/><line nr="28" mi="5" ci="0" mb="0" cb="0"/><line nr="29" mi="6" ci="0" mb="0" cb="0"/><line nr="36" mi="3" ci="0" mb="0" cb="0"/><line nr="37" mi="3" ci="0" mb="0" cb="0"/><line nr="38" mi="5" ci="0" mb="0" cb="0"/><line nr="39" mi="5" ci="0" mb="0" cb="0"/><line nr="41" mi="4" ci="0" mb="0" cb="0"/><line nr="42" mi="4" ci="0" mb="0" cb="0"/><line nr="44" mi="1" ci="0" mb="0" cb="0"/><line nr="46" mi="6" ci="0" mb="0" cb="0"/><line nr="47" mi="6" ci="0" mb="0" cb="0"/><line nr="48" mi="6" ci="0" mb="0" cb="0"/><line nr="49" mi="6" ci="0" mb="0" cb="0"/><line nr="50" mi="6" ci="0" mb="0" cb="0"/><line nr="51" mi="6" ci="0" mb="0" cb="0"/><line nr="52" mi="6" ci="0" mb="0" cb="0"/><line nr="54" mi="8" ci="0" mb="0" cb="0"/><line nr="55" mi="6" ci="0" mb="0" cb="0"/><line nr="56" mi="3" ci="0" mb="0" cb="0"/><line nr="57" mi="3" ci="0" mb="0" cb="0"/><line nr="58" mi="5" ci="0" mb="0" cb="0"/><line nr="59" mi="6" ci="0" mb="0" cb="0"/><line nr="60" mi="3" ci="0" mb="0" cb="0"/><line nr="61" mi="3" ci="0" mb="0" cb="0"/><line nr="63" mi="11" ci="0" mb="0" cb="0"/><line nr="64" mi="6" ci="0" mb="0" cb="0"/><line nr="65" mi="3" ci="0" mb="0" cb="0"/><line nr="66" mi="5" ci="0" mb="0" cb="0"/><line nr="67" mi="3" ci="0" mb="0" cb="0"/><line nr="68" mi="3" ci="0" mb="0" cb="0"/><line nr="70" mi="6" ci="0" mb="0" cb="0"/><line nr="71" mi="17" ci="0" mb="0" cb="0"/><line nr="74" mi="4" ci="0" mb="0" cb="0"/><line nr="75" mi="8" ci="0" mb="2" cb="0"/><line nr="76" mi="7" ci="0" mb="0" cb="0"/><line nr="77" mi="4" ci="0" mb="0" cb="0"/><line nr="78" mi="1" ci="0" mb="0" cb="0"/><line nr="80" mi="5" ci="0" mb="0" cb="0"/><line nr="81" mi="12" ci="0" mb="0" cb="0"/><line nr="84" mi="3" ci="0" mb="2" cb="0"/><line nr="85" mi="4" ci="0" mb="0" cb="0"/><line nr="86" mi="3" ci="0" mb="0" cb="0"/><line nr="87" mi="4" ci="0" mb="0" cb="0"/><line nr="88" mi="1" ci="0" mb="0" cb="0"/><line nr="89" mi="7" ci="0" mb="0" cb="0"/><line nr="91" mi="1" ci="0" mb="0" cb="0"/><line nr="93" mi="1" ci="0" mb="0" cb="0"/><line nr="97" mi="5" ci="0" mb="0" cb="0"/><line nr="98" mi="1" ci="0" mb="0" cb="0"/><line nr="101" mi="5" ci="0" mb="0" cb="0"/><line nr="105" mi="5" ci="0" mb="0" cb="0"/><line nr="109" mi="5" ci="0" mb="0" cb="0"/><line nr="113" mi="5" ci="0" mb="0" cb="0"/><line nr="117" mi="5" ci="0" mb="0" cb="0"/><line nr="121" mi="3" ci="0" mb="0" cb="0"/><line nr="125" mi="3" ci="0" mb="0" cb="0"/><line nr="129" mi="3" ci="0" mb="0" cb="0"/><line nr="130" mi="6" ci="0" mb="0" cb="0"/><line nr="131" mi="5" ci="0" mb="0" cb="0"/><line nr="132" mi="5" ci="0" mb="0" cb="0"/><line nr="133" mi="3" ci="0" mb="0" cb="0"/><line nr="134" mi="1" ci="0" mb="0" cb="0"/><line nr="137" mi="3" ci="0" mb="0" cb="0"/><counter type="INSTRUCTION" missed="299" covered="0"/><counter type="BRANCH" missed="4" covered="0"/><counter type="LINE" missed="64" covered="0"/><counter type="COMPLEXITY" missed="18" covered="0"/><counter type="METHOD" missed="16" covered="0"/><counter type="CLASS" missed="3" covered="0"/></sourcefile><sourcefile name="AudioService.java"><line nr="12" mi="2" ci="0" mb="0" cb="0"/><line nr="14" mi="5" ci="0" mb="0" cb="0"/><line nr="18" mi="8" ci="0" mb="2" cb="0"/><line nr="20" mi="4" ci="0" mb="2" cb="0"/><line nr="21" mi="4" ci="0" mb="0" cb="0"/><line nr="22" mi="3" ci="0" mb="0" cb="0"/><line nr="24" mi="1" ci="0" mb="0" cb="0"/><line nr="26" mi="5" ci="0" mb="0" cb="0"/><line nr="28" mi="1" ci="0" mb="0" cb="0"/><line nr="30" mi="5" ci="0" mb="0" cb="0"/><line nr="31" mi="1" ci="0" mb="0" cb="0"/><line nr="34" mi="4" ci="0" mb="0" cb="0"/><line nr="35" mi="4" ci="0" mb="0" cb="0"/><line nr="36" mi="1" ci="0" mb="0" cb="0"/><line nr="38" mi="4" ci="0" mb="0" cb="0"/><line nr="39" mi="10" ci="0" mb="0" cb="0"/><line nr="40" mi="6" ci="0" mb="0" cb="0"/><line nr="42" mi="5" ci="0" mb="2" cb="0"/><line nr="43" mi="4" ci="0" mb="0" cb="0"/><line nr="45" mi="1" ci="0" mb="0" cb="0"/><line nr="47" mi="1" ci="0" mb="0" cb="0"/><counter type="INSTRUCTION" missed="79" covered="0"/><counter type="BRANCH" missed="6" covered="0"/><counter type="LINE" missed="21" covered="0"/><counter type="COMPLEXITY" missed="11" covered="0"/><counter type="METHOD" missed="8" covered="0"/><counter type="CLASS" missed="2" covered="0"/></sourcefile><sourcefile name="Exit.java"><line nr="32" mi="3" ci="0" mb="0" cb="0"/><line nr="50" mi="4" ci="0" mb="0" cb="0"/><line nr="51" mi="5" ci="0" mb="0" cb="0"/><line nr="52" mi="5" ci="0" mb="0" cb="0"/><line nr="54" mi="9" ci="0" mb="0" cb="0"/><line nr="55" mi="3" ci="0" mb="0" cb="0"/><line nr="56" mi="3" ci="0" mb="0" cb="0"/><line nr="57" mi="5" ci="0" mb="0" cb="0"/><line nr="58" mi="5" ci="0" mb="0" cb="0"/><line nr="59" mi="5" ci="0" mb="0" cb="0"/><line nr="62" mi="3" ci="0" mb="0" cb="0"/><line nr="64" mi="6" ci="0" mb="0" cb="0"/><line nr="65" mi="6" ci="0" mb="0" cb="0"/><line nr="66" mi="6" ci="0" mb="0" cb="0"/><line nr="68" mi="12" ci="0" mb="0" cb="0"/><line nr="71" mi="3" ci="0" mb="0" cb="0"/><line nr="72" mi="7" ci="0" mb="0" cb="0"/><line nr="73" mi="4" ci="0" mb="0" cb="0"/><line nr="75" mi="1" ci="0" mb="0" cb="0"/><line nr="77" mi="12" ci="0" mb="0" cb="0"/><line nr="80" mi="7" ci="0" mb="0" cb="0"/><line nr="81" mi="7" ci="0" mb="0" cb="0"/><line nr="82" mi="4" ci="0" mb="0" cb="0"/><line nr="83" mi="1" ci="0" mb="0" cb="0"/><line nr="85" mi="12" ci="0" mb="0" cb="0"/><line nr="88" mi="4" ci="0" mb="0" cb="0"/><line nr="89" mi="1" ci="0" mb="0" cb="0"/><line nr="92" mi="6" ci="0" mb="0" cb="0"/><line nr="94" mi="8" ci="0" mb="4" cb="0"/><line nr="95" mi="13" ci="0" mb="0" cb="0"/><line nr="98" mi="1" ci="0" mb="0" cb="0"/><line nr="100" mi="2" ci="0" mb="0" cb="0"/><line nr="101" mi="1" ci="0" mb="0" cb="0"/><line nr="104" mi="5" ci="0" mb="0" cb="0"/><line nr="105" mi="1" ci="0" mb="0" cb="0"/><line nr="108" mi="5" ci="0" mb="0" cb="0"/><line nr="109" mi="6" ci="0" mb="0" cb="0"/><line nr="110" mi="5" ci="0" mb="0" cb="0"/><line nr="111" mi="3" ci="0" mb="2" cb="0"/><line nr="112" mi="4" ci="0" mb="0" cb="0"/><line nr="116" mi="14" ci="0" mb="6" cb="0"/><line nr="118" mi="4" ci="0" mb="0" cb="0"/><line nr="120" mi="4" ci="0" mb="0" cb="0"/><line nr="121" mi="6" ci="0" mb="0" cb="0"/><line nr="122" mi="3" ci="0" mb="2" cb="0"/><line nr="123" mi="5" ci="0" mb="0" cb="0"/><line nr="128" mi="3" ci="0" mb="2" cb="0"/><line nr="129" mi="8" ci="0" mb="0" cb="0"/><line nr="131" mi="7" ci="0" mb="0" cb="0"/><line nr="133" mi="3" ci="0" mb="0" cb="0"/><line nr="135" mi="4" ci="0" mb="0" cb="0"/><line nr="136" mi="3" ci="0" mb="0" cb="0"/><line nr="137" mi="3" ci="0" mb="0" cb="0"/><line nr="140" mi="1" ci="0" mb="0" cb="0"/><line nr="141" mi="3" ci="0" mb="2" cb="0"/><line nr="142" mi="5" ci="0" mb="0" cb="0"/><line nr="144" mi="3" ci="0" mb="2" cb="0"/><line nr="145" mi="5" ci="0" mb="0" cb="0"/><line nr="148" mi="1" ci="0" mb="0" cb="0"/><line nr="153" mi="9" ci="0" mb="0" cb="0"/><line nr="154" mi="11" ci="0" mb="0" cb="0"/><line nr="155" mi="4" ci="0" mb="0" cb="0"/><line nr="156" mi="5" ci="0" mb="0" cb="0"/><line nr="163" mi="4" ci="0" mb="0" cb="0"/><line nr="164" mi="2" ci="0" mb="0" cb="0"/><line nr="170" mi="5" ci="0" mb="0" cb="0"/><line nr="172" mi="5" ci="0" mb="2" cb="0"/><line nr="174" mi="2" ci="0" mb="0" cb="0"/><line nr="176" mi="3" ci="0" mb="0" cb="0"/><line nr="177" mi="1" ci="0" mb="0" cb="0"/><line nr="179" mi="2" ci="0" mb="0" cb="0"/><line nr="180" mi="1" ci="0" mb="0" cb="0"/><line nr="182" mi="2" ci="0" mb="2" cb="0"/><line nr="183" mi="5" ci="0" mb="0" cb="0"/><line nr="186" mi="6" ci="0" mb="0" cb="0"/><line nr="187" mi="4" ci="0" mb="0" cb="0"/><line nr="190" mi="1" ci="0" mb="0" cb="0"/><line nr="195" mi="6" ci="0" mb="4" cb="0"/><line nr="196" mi="3" ci="0" mb="0" cb="0"/><line nr="197" mi="6" ci="0" mb="0" cb="0"/><line nr="198" mi="5" ci="0" mb="0" cb="0"/><line nr="200" mi="1" ci="0" mb="0" cb="0"/><line nr="203" mi="5" ci="0" mb="0" cb="0"/><line nr="204" mi="6" ci="0" mb="0" cb="0"/><line nr="205" mi="4" ci="0" mb="0" cb="0"/><line nr="208" mi="1" ci="0" mb="0" cb="0"/><counter type="INSTRUCTION" missed="397" covered="0"/><counter type="BRANCH" missed="28" covered="0"/><counter type="LINE" missed="86" covered="0"/><counter type="COMPLEXITY" missed="29" covered="0"/><counter type="METHOD" missed="15" covered="0"/><counter type="CLASS" missed="4" covered="0"/></sourcefile><sourcefile name="CreditosActivity.java"><line nr="7" mi="3" ci="0" mb="0" cb="0"/><line nr="11" mi="3" ci="0" mb="0" cb="0"/><line nr="12" mi="3" ci="0" mb="0" cb="0"/><line nr="13" mi="1" ci="0" mb="0" cb="0"/><counter type="INSTRUCTION" missed="10" covered="0"/><counter type="LINE" missed="4" covered="0"/><counter type="COMPLEXITY" missed="2" covered="0"/><counter type="METHOD" missed="2" covered="0"/><counter type="CLASS" missed="1" covered="0"/></sourcefile><sourcefile name="AjustesActivity.java"><line nr="10" mi="3" ci="0" mb="0" cb="0"/><line nr="18" mi="3" ci="0" mb="0" cb="0"/><line nr="19" mi="3" ci="0" mb="0" cb="0"/><line nr="22" mi="6" ci="0" mb="0" cb="0"/><line nr="23" mi="13" ci="0" mb="0" cb="0"/><line nr="26" mi="7" ci="0" mb="0" cb="0"/><line nr="27" mi="4" ci="0" mb="0" cb="0"/><line nr="28" mi="1" ci="0" mb="0" cb="0"/><line nr="31" mi="6" ci="0" mb="0" cb="0"/><line nr="32" mi="13" ci="0" mb="0" cb="0"/><line nr="35" mi="7" ci="0" mb="0" cb="0"/><line nr="36" mi="4" ci="0" mb="0" cb="0"/><line nr="37" mi="1" ci="0" mb="0" cb="0"/><line nr="40" mi="6" ci="0" mb="0" cb="0"/><line nr="41" mi="13" ci="0" mb="0" cb="0"/><line nr="44" mi="7" ci="0" mb="0" cb="0"/><line nr="45" mi="4" ci="0" mb="0" cb="0"/><line nr="46" mi="1" ci="0" mb="0" cb="0"/><line nr="48" mi="1" ci="0" mb="0" cb="0"/><counter type="INSTRUCTION" missed="103" covered="0"/><counter type="LINE" missed="19" covered="0"/><counter type="COMPLEXITY" missed="8" covered="0"/><counter type="METHOD" missed="8" covered="0"/><counter type="CLASS" missed="4" covered="0"/></sourcefile><sourcefile name="AdminSQLiteOpenHelper.java"><line nr="15" mi="6" ci="0" mb="0" cb="0"/><line nr="16" mi="1" ci="0" mb="0" cb="0"/><line nr="23" mi="3" ci="0" mb="0" cb="0"/><line nr="24" mi="3" ci="0" mb="0" cb="0"/><line nr="25" mi="1" ci="0" mb="0" cb="0"/><line nr="30" mi="1" ci="0" mb="0" cb="0"/><counter type="INSTRUCTION" missed="15" covered="0"/><counter type="LINE" missed="6" covered="0"/><counter type="COMPLEXITY" missed="3" covered="0"/><counter type="METHOD" missed="3" covered="0"/><counter type="CLASS" missed="1" covered="0"/></sourcefile><sourcefile name="Juego.java"><line nr="29" mi="5" ci="0" mb="0" cb="0"/><line nr="30" mi="3" ci="0" mb="0" cb="0"/><line nr="31" mi="3" ci="0" mb="0" cb="0"/><line nr="32" mi="3" ci="0" mb="0" cb="0"/><line nr="33" mi="5" ci="0" mb="0" cb="0"/><line nr="34" mi="5" ci="0" mb="0" cb="0"/><line nr="36" mi="3" ci="0" mb="0" cb="0"/><line nr="38" mi="3" ci="0" mb="0" cb="0"/><line nr="40" mi="3" ci="0" mb="0" cb="0"/><line nr="41" mi="3" ci="0" mb="0" cb="0"/><line nr="46" mi="3" ci="0" mb="0" cb="0"/><line nr="49" mi="3" ci="0" mb="0" cb="0"/><line nr="52" mi="3" ci="0" mb="0" cb="0"/><line nr="53" mi="4" ci="0" mb="0" cb="0"/><line nr="54" mi="3" ci="0" mb="0" cb="0"/><line nr="55" mi="3" ci="0" mb="0" cb="0"/><line nr="56" mi="3" ci="0" mb="0" cb="0"/><line nr="57" mi="3" ci="0" mb="0" cb="0"/><line nr="58" mi="4" ci="0" mb="0" cb="0"/><line nr="59" mi="5" ci="0" mb="0" cb="0"/><line nr="60" mi="5" ci="0" mb="0" cb="0"/><line nr="61" mi="5" ci="0" mb="0" cb="0"/><line nr="62" mi="5" ci="0" mb="0" cb="0"/><line nr="63" mi="5" ci="0" mb="0" cb="0"/><line nr="64" mi="5" ci="0" mb="0" cb="0"/><line nr="65" mi="5" ci="0" mb="0" cb="0"/><line nr="67" mi="4" ci="0" mb="0" cb="0"/><line nr="68" mi="4" ci="0" mb="0" cb="0"/><line nr="70" mi="4" ci="0" mb="0" cb="0"/><line nr="71" mi="4" ci="0" mb="0" cb="0"/><line nr="72" mi="4" ci="0" mb="0" cb="0"/><line nr="73" mi="4" ci="0" mb="0" cb="0"/><line nr="74" mi="4" ci="0" mb="0" cb="0"/><line nr="76" mi="2" ci="0" mb="0" cb="0"/><line nr="77" mi="2" ci="0" mb="2" cb="0"/><line nr="78" mi="3" ci="0" mb="0" cb="0"/><line nr="80" mi="2" ci="0" mb="0" cb="0"/><line nr="82" mi="1" ci="0" mb="0" cb="0"/><line nr="85" mi="17" ci="0" mb="0" cb="0"/><line nr="88" mi="14" ci="0" mb="0" cb="0"/><line nr="92" mi="8" ci="0" mb="0" cb="0"/><line nr="93" mi="1" ci="0" mb="0" cb="0"/><line nr="95" mi="1" ci="0" mb="0" cb="0"/><line nr="98" mi="1" ci="0" mb="0" cb="0"/><line nr="100" mi="8" ci="0" mb="0" cb="0"/><line nr="101" mi="17" ci="0" mb="0" cb="0"/><line nr="105" mi="14" ci="0" mb="0" cb="0"/><line nr="109" mi="10" ci="0" mb="0" cb="0"/><line nr="110" mi="21" ci="0" mb="4" cb="0"/><line nr="111" mi="5" ci="0" mb="0" cb="0"/><line nr="112" mi="10" ci="0" mb="2" cb="0"/><line nr="113" mi="11" ci="0" mb="0" cb="0"/><line nr="115" mi="14" ci="0" mb="2" cb="0"/><line nr="116" mi="11" ci="0" mb="0" cb="0"/><line nr="117" mi="5" ci="0" mb="0" cb="0"/><line nr="118" mi="8" ci="0" mb="0" cb="0"/><line nr="119" mi="5" ci="0" mb="0" cb="0"/><line nr="121" mi="11" ci="0" mb="0" cb="0"/><line nr="122" mi="5" ci="0" mb="0" cb="0"/><line nr="123" mi="11" ci="0" mb="0" cb="0"/><line nr="124" mi="13" ci="0" mb="0" cb="0"/><line nr="125" mi="4" ci="0" mb="0" cb="0"/><line nr="126" mi="16" ci="0" mb="0" cb="0"/><line nr="127" mi="9" ci="0" mb="2" cb="0"/><line nr="128" mi="8" ci="0" mb="0" cb="0"/><line nr="129" mi="14" ci="0" mb="0" cb="0"/><line nr="131" mi="9" ci="0" mb="0" cb="0"/><line nr="132" mi="10" ci="0" mb="0" cb="0"/><line nr="133" mi="6" ci="0" mb="0" cb="0"/><line nr="134" mi="12" ci="0" mb="0" cb="0"/><line nr="135" mi="5" ci="0" mb="0" cb="0"/><line nr="137" mi="4" ci="0" mb="0" cb="0"/><line nr="138" mi="7" ci="0" mb="2" cb="0"/><line nr="139" mi="4" ci="0" mb="0" cb="0"/><line nr="142" mi="1" ci="0" mb="0" cb="0"/><line nr="144" mi="1" ci="0" mb="0" cb="0"/><line nr="146" mi="1" ci="0" mb="0" cb="0"/><line nr="149" mi="8" ci="0" mb="0" cb="0"/><line nr="150" mi="17" ci="0" mb="0" cb="0"/><line nr="153" mi="14" ci="0" mb="0" cb="0"/><line nr="157" mi="10" ci="0" mb="0" cb="0"/><line nr="158" mi="4" ci="0" mb="0" cb="0"/><line nr="159" mi="9" ci="0" mb="0" cb="0"/><line nr="160" mi="27" ci="0" mb="4" cb="0"/><line nr="161" mi="5" ci="0" mb="0" cb="0"/><line nr="162" mi="11" ci="0" mb="0" cb="0"/><line nr="164" mi="4" ci="0" mb="0" cb="0"/><line nr="165" mi="14" ci="0" mb="2" cb="0"/><line nr="166" mi="11" ci="0" mb="0" cb="0"/><line nr="167" mi="13" ci="0" mb="2" cb="0"/><line nr="168" mi="11" ci="0" mb="0" cb="0"/><line nr="170" mi="6" ci="0" mb="0" cb="0"/><line nr="172" mi="4" ci="0" mb="0" cb="0"/><line nr="173" mi="5" ci="0" mb="0" cb="0"/><line nr="174" mi="8" ci="0" mb="0" cb="0"/><line nr="175" mi="5" ci="0" mb="0" cb="0"/><line nr="177" mi="14" ci="0" mb="0" cb="0"/><line nr="178" mi="5" ci="0" mb="0" cb="0"/><line nr="179" mi="11" ci="0" mb="0" cb="0"/><line nr="180" mi="6" ci="0" mb="2" cb="0"/><line nr="181" mi="6" ci="0" mb="0" cb="0"/><line nr="182" mi="5" ci="0" mb="0" cb="0"/><line nr="183" mi="11" ci="0" mb="0" cb="0"/><line nr="185" mi="13" ci="0" mb="0" cb="0"/><line nr="186" mi="4" ci="0" mb="0" cb="0"/><line nr="187" mi="16" ci="0" mb="0" cb="0"/><line nr="188" mi="9" ci="0" mb="2" cb="0"/><line nr="189" mi="8" ci="0" mb="0" cb="0"/><line nr="190" mi="14" ci="0" mb="0" cb="0"/><line nr="191" mi="9" ci="0" mb="0" cb="0"/><line nr="192" mi="4" ci="0" mb="0" cb="0"/><line nr="193" mi="4" ci="0" mb="0" cb="0"/><line nr="194" mi="12" ci="0" mb="0" cb="0"/><line nr="195" mi="5" ci="0" mb="0" cb="0"/><line nr="197" mi="4" ci="0" mb="0" cb="0"/><line nr="198" mi="7" ci="0" mb="2" cb="0"/><line nr="199" mi="4" ci="0" mb="0" cb="0"/><line nr="202" mi="1" ci="0" mb="0" cb="0"/><line nr="204" mi="1" ci="0" mb="0" cb="0"/><line nr="206" mi="1" ci="0" mb="0" cb="0"/><line nr="208" mi="6" ci="0" mb="0" cb="0"/><line nr="209" mi="6" ci="0" mb="0" cb="0"/><line nr="210" mi="6" ci="0" mb="0" cb="0"/><line nr="211" mi="3" ci="0" mb="2" cb="0"/><line nr="212" mi="6" ci="0" mb="0" cb="0"/><line nr="214" mi="3" ci="0" mb="2" cb="0"/><line nr="215" mi="4" ci="0" mb="0" cb="0"/><line nr="217" mi="1" ci="0" mb="0" cb="0"/><line nr="219" mi="5" ci="0" mb="0" cb="0"/><line nr="220" mi="3" ci="0" mb="2" cb="0"/><line nr="221" mi="8" ci="0" mb="0" cb="0"/><line nr="222" mi="2" ci="0" mb="2" cb="0"/><line nr="223" mi="7" ci="0" mb="0" cb="0"/><line nr="225" mi="5" ci="0" mb="0" cb="0"/><line nr="226" mi="1" ci="0" mb="0" cb="0"/><line nr="229" mi="3" ci="0" mb="2" cb="0"/><line nr="230" mi="13" ci="0" mb="4" cb="0"/><line nr="231" mi="7" ci="0" mb="0" cb="0"/><line nr="232" mi="7" ci="0" mb="0" cb="0"/><line nr="235" mi="1" ci="0" mb="0" cb="0"/><line nr="238" mi="5" ci="0" mb="0" cb="0"/><line nr="239" mi="3" ci="0" mb="0" cb="0"/><line nr="240" mi="6" ci="0" mb="2" cb="0"/><line nr="241" mi="5" ci="0" mb="0" cb="0"/><line nr="242" mi="2" ci="0" mb="6" cb="0"/><line nr="244" mi="6" ci="0" mb="0" cb="0"/><line nr="245" mi="1" ci="0" mb="0" cb="0"/><line nr="247" mi="6" ci="0" mb="0" cb="0"/><line nr="248" mi="1" ci="0" mb="0" cb="0"/><line nr="250" mi="6" ci="0" mb="0" cb="0"/><line nr="251" mi="1" ci="0" mb="0" cb="0"/><line nr="253" mi="6" ci="0" mb="0" cb="0"/><line nr="254" mi="1" ci="0" mb="0" cb="0"/><line nr="256" mi="6" ci="0" mb="0" cb="0"/><line nr="259" mi="1" ci="0" mb="0" cb="0"/><line nr="262" mi="7" ci="0" mb="2" cb="0"/><line nr="263" mi="8" ci="0" mb="0" cb="0"/><line nr="265" mi="7" ci="0" mb="0" cb="0"/><line nr="267" 
[...]
" mi="6" ci="0" mb="0" cb="0"/><line nr="398" mi="6" ci="0" mb="0" cb="0"/><line nr="399" mi="6" ci="0" mb="0" cb="0"/><line nr="400" mi="6" ci="0" mb="0" cb="0"/><line nr="401" mi="6" ci="0" mb="0" cb="0"/><line nr="402" mi="1" ci="0" mb="0" cb="0"/><line nr="405" mi="6" ci="0" mb="0" cb="0"/><line nr="406" mi="6" ci="0" mb="0" cb="0"/><line nr="407" mi="6" ci="0" mb="0" cb="0"/><line nr="408" mi="6" ci="0" mb="0" cb="0"/><line nr="409" mi="6" ci="0" mb="0" cb="0"/><line nr="410" mi="6" ci="0" mb="0" cb="0"/><line nr="411" mi="6" ci="0" mb="0" cb="0"/><line nr="412" mi="6" ci="0" mb="0" cb="0"/><line nr="415" mi="4" ci="0" mb="2" cb="0"/><line nr="416" mi="4" ci="0" mb="0" cb="0"/><line nr="418" mi="6" ci="0" mb="0" cb="0"/><line nr="420" mi="1" ci="0" mb="0" cb="0"/><line nr="423" mi="3" ci="0" mb="5" cb="0"/><line nr="425" mi="6" ci="0" mb="0" cb="0"/><line nr="426" mi="6" ci="0" mb="0" cb="0"/><line nr="427" mi="6" ci="0" mb="0" cb="0"/><line nr="428" mi="6" ci="0" mb="0" cb="0"/><line nr="429" mi="6" ci="0" mb="0" cb="0"/><line nr="430" mi="6" ci="0" mb="0" cb="0"/><line nr="431" mi="6" ci="0" mb="0" cb="0"/><line nr="432" mi="6" ci="0" mb="0" cb="0"/><line nr="433" mi="1" ci="0" mb="0" cb="0"/><line nr="436" mi="6" ci="0" mb="0" cb="0"/><line nr="437" mi="6" ci="0" mb="0" cb="0"/><line nr="438" mi="6" ci="0" mb="0" cb="0"/><line nr="439" mi="6" ci="0" mb="0" cb="0"/><line nr="440" mi="6" ci="0" mb="0" cb="0"/><line nr="441" mi="6" ci="0" mb="0" cb="0"/><line nr="442" mi="6" ci="0" mb="0" cb="0"/><line nr="443" mi="6" ci="0" mb="0" cb="0"/><line nr="444" mi="1" ci="0" mb="0" cb="0"/><line nr="447" mi="6" ci="0" mb="0" cb="0"/><line nr="448" mi="6" ci="0" mb="0" cb="0"/><line nr="449" mi="6" ci="0" mb="0" cb="0"/><line nr="450" mi="6" ci="0" mb="0" cb="0"/><line nr="451" mi="6" ci="0" mb="0" cb="0"/><line nr="452" mi="6" ci="0" mb="0" cb="0"/><line nr="453" mi="6" ci="0" mb="0" cb="0"/><line nr="454" mi="6" ci="0" mb="0" cb="0"/><line nr="455" mi="1" ci="0" mb="0" cb="0"/><line nr="458" mi="6" ci="0" mb="0" cb="0"/><line nr="459" mi="6" ci="0" mb="0" cb="0"/><line nr="460" mi="6" ci="0" mb="0" cb="0"/><line nr="461" mi="6" ci="0" mb="0" cb="0"/><line nr="462" mi="6" ci="0" mb="0" cb="0"/><line nr="463" mi="6" ci="0" mb="0" cb="0"/><line nr="464" mi="6" ci="0" mb="0" cb="0"/><line nr="465" mi="6" ci="0" mb="0" cb="0"/><line nr="469" mi="4" ci="0" mb="2" cb="0"/><line nr="470" mi="4" ci="0" mb="0" cb="0"/><line nr="472" mi="6" ci="0" mb="0" cb="0"/><line nr="474" mi="1" ci="0" mb="0" cb="0"/><line nr="477" mi="3" ci="0" mb="5" cb="0"/><line nr="479" mi="6" ci="0" mb="0" cb="0"/><line nr="480" mi="6" ci="0" mb="0" cb="0"/><line nr="481" mi="6" ci="0" mb="0" cb="0"/><line nr="482" mi="6" ci="0" mb="0" cb="0"/><line nr="483" mi="6" ci="0" mb="0" cb="0"/><line nr="484" mi="6" ci="0" mb="0" cb="0"/><line nr="485" mi="6" ci="0" mb="0" cb="0"/><line nr="486" mi="6" ci="0" mb="0" cb="0"/><line nr="487" mi="1" ci="0" mb="0" cb="0"/><line nr="490" mi="6" ci="0" mb="0" cb="0"/><line nr="491" mi="6" ci="0" mb="0" cb="0"/><line nr="492" mi="6" ci="0" mb="0" cb="0"/><line nr="493" mi="6" ci="0" mb="0" cb="0"/><line nr="494" mi="6" ci="0" mb="0" cb="0"/><line nr="495" mi="6" ci="0" mb="0" cb="0"/><line nr="496" mi="6" ci="0" mb="0" cb="0"/><line nr="497" mi="6" ci="0" mb="0" cb="0"/><line nr="498" mi="1" ci="0" mb="0" cb="0"/><line nr="501" mi="6" ci="0" mb="0" cb="0"/><line nr="502" mi="6" ci="0" mb="0" cb="0"/><line nr="503" mi="6" ci="0" mb="0" cb="0"/><line nr="504" mi="6" ci="0" mb="0" cb="0"/><line nr="505" mi="6" ci="0" mb="0" cb="0"/><line nr="506" mi="6" ci="0" mb="0" cb="0"/><line nr="507" mi="6" ci="0" mb="0" cb="0"/><line nr="508" mi="6" ci="0" mb="0" cb="0"/><line nr="509" mi="1" ci="0" mb="0" cb="0"/><line nr="512" mi="6" ci="0" mb="0" cb="0"/><line nr="513" mi="6" ci="0" mb="0" cb="0"/><line nr="514" mi="6" ci="0" mb="0" cb="0"/><line nr="515" mi="6" ci="0" mb="0" cb="0"/><line nr="516" mi="6" ci="0" mb="0" cb="0"/><line nr="517" mi="6" ci="0" mb="0" cb="0"/><line nr="518" mi="6" ci="0" mb="0" cb="0"/><line nr="519" mi="6" ci="0" mb="0" cb="0"/><line nr="523" mi="4" ci="0" mb="2" cb="0"/><line nr="524" mi="4" ci="0" mb="0" cb="0"/><line nr="526" mi="6" ci="0" mb="0" cb="0"/><line nr="530" mi="1" ci="0" mb="0" cb="0"/><line nr="538" mi="2" ci="0" mb="2" cb="0"/><line nr="539" mi="2" ci="0" mb="4" cb="0"/><line nr="541" mi="7" ci="0" mb="2" cb="0"/><line nr="542" mi="3" ci="0" mb="0" cb="0"/><line nr="543" mi="4" ci="0" mb="0" cb="0"/><line nr="544" mi="4" ci="0" mb="0" cb="0"/><line nr="548" mi="7" ci="0" mb="2" cb="0"/><line nr="549" mi="3" ci="0" mb="0" cb="0"/><line nr="550" mi="4" ci="0" mb="0" cb="0"/><line nr="551" mi="4" ci="0" mb="0" cb="0"/><line nr="555" mi="7" ci="0" mb="2" cb="0"/><line nr="556" mi="3" ci="0" mb="0" cb="0"/><line nr="557" mi="4" ci="0" mb="0" cb="0"/><line nr="558" mi="3" ci="0" mb="0" cb="0"/><line nr="564" mi="1" ci="0" mb="0" cb="0"/><line nr="567" mi="2" ci="0" mb="0" cb="0"/><line nr="568" mi="2" ci="0" mb="2" cb="0"/><line nr="569" mi="2" ci="0" mb="0" cb="0"/><line nr="571" mi="8" ci="0" mb="0" cb="0"/><line nr="572" mi="8" ci="0" mb="0" cb="0"/><line nr="573" mi="8" ci="0" mb="0" cb="0"/><line nr="574" mi="8" ci="0" mb="0" cb="0"/><line nr="576" mi="12" ci="0" mb="0" cb="0"/><line nr="577" mi="12" ci="0" mb="0" cb="0"/><line nr="578" mi="12" ci="0" mb="0" cb="0"/><line nr="579" mi="12" ci="0" mb="0" cb="0"/><line nr="582" mi="4" ci="0" mb="0" cb="0"/><line nr="583" mi="4" ci="0" mb="0" cb="0"/><line nr="584" mi="4" ci="0" mb="0" cb="0"/><line nr="585" mi="4" ci="0" mb="0" cb="0"/><line nr="586" mi="4" ci="0" mb="0" cb="0"/><line nr="589" mi="10" ci="0" mb="2" cb="0"/><line nr="590" mi="33" ci="0" mb="12" cb="0"/><line nr="591" mi="2" ci="0" mb="0" cb="0"/><line nr="592" mi="16" ci="0" mb="8" cb="0"/><line nr="593" mi="2" ci="0" mb="2" cb="0"/><line nr="594" mi="1" ci="0" mb="0" cb="0"/><line nr="597" mi="1" ci="0" mb="0" cb="0"/><line nr="598" mi="3" ci="0" mb="2" cb="0"/><line nr="599" mi="2" ci="0" mb="0" cb="0"/><line nr="602" mi="2" ci="0" mb="0" cb="0"/><line nr="606" mi="5" ci="0" mb="0" cb="0"/><line nr="610" mi="5" ci="0" mb="0" cb="0"/><line nr="614" mi="7" ci="0" mb="0" cb="0"/><line nr="616" mi="4" ci="0" mb="0" cb="0"/><line nr="617" mi="4" ci="0" mb="0" cb="0"/><line nr="618" mi="4" ci="0" mb="0" cb="0"/><line nr="619" mi="4" ci="0" mb="0" cb="0"/><line nr="620" mi="4" ci="0" mb="0" cb="0"/><line nr="621" mi="4" ci="0" mb="0" cb="0"/><line nr="622" mi="4" ci="0" mb="0" cb="0"/><line nr="623" mi="4" ci="0" mb="0" cb="0"/><line nr="624" mi="4" ci="0" mb="0" cb="0"/><line nr="626" mi="3" ci="0" mb="0" cb="0"/><line nr="627" mi="7" ci="0" mb="2" cb="0"/><line nr="628" mi="3" ci="0" mb="0" cb="0"/><line nr="630" mi="1" ci="0" mb="0" cb="0"/><counter type="INSTRUCTION" missed="2011" covered="0"/><counter type="BRANCH" missed="176" covered="0"/><counter type="LINE" missed="377" covered="0"/><counter type="COMPLEXITY" missed="136" covered="0"/><counter type="METHOD" missed="38" covered="0"/><counter type="CLASS" missed="1" covered="0"/></sourcefile><sourcefile name="VentanaNext.java"><line nr="20" mi="3" ci="0" mb="0" cb="0"/><line nr="21" mi="4" ci="0" mb="0" cb="0"/><line nr="22" mi="3" ci="0" mb="0" cb="0"/><line nr="23" mi="1" ci="0" mb="0" cb="0"/><line nr="26" mi="2" ci="0" mb="0" cb="0"/><line nr="27" mi="7" ci="0" mb="0" cb="0"/><line nr="28" mi="4" ci="0" mb="0" cb="0"/><line nr="29" mi="4" ci="0" mb="0" cb="0"/><line nr="30" mi="1" ci="0" mb="0" cb="0"/><line nr="33" mi="7" ci="0" mb="2" cb="0"/><line nr="34" mi="7" ci="0" mb="2" cb="0"/><line nr="35" mi="8" ci="0" mb="0" cb="0"/><line nr="38" mi="1" ci="0" mb="0" cb="0"/><line nr="42" mi="3" ci="0" mb="8" cb="0"/><line nr="44" mi="3" ci="0" mb="0" cb="0"/><line nr="45" mi="3" ci="0" mb="0" cb="0"/><line nr="46" mi="3" ci="0" mb="0" cb="0"/><line nr="47" mi="3" ci="0" mb="0" cb="0"/><line nr="48" mi="3" ci="0" mb="0" cb="0"/><line nr="49" mi="3" ci="0" mb="0" cb="0"/><line nr="50" mi="3" ci="0" mb="0" cb="0"/><line nr="51" mi="3" ci="0" mb="0" cb="0"/><line nr="54" mi="3" ci="0" mb="0" cb="0"/><line nr="55" mi="3" ci="0" mb="0" cb="0"/><line nr="56" mi="1" ci="0" mb="0" cb="0"/><line nr="59" mi="3" ci="0" mb="0" cb="0"/><line nr="60" mi="3" ci="0" mb="0" cb="0"/><line nr="61" mi="3" ci="0" mb="0" cb="0"/><line nr="62" mi="3" ci="0" mb="0" cb="0"/><line nr="63" mi="3" ci="0" mb="0" cb="0"/><line nr="64" mi="3" ci="0" mb="0" cb="0"/><line nr="65" mi="3" ci="0" mb="0" cb="0"/><line nr="66" mi="3" ci="0" mb="0" cb="0"/><line nr="68" mi="3" ci="0" mb="0" cb="0"/><line nr="69" mi="3" ci="0" mb="0" cb="0"/><line nr="70" mi="1" ci="0" mb="0" cb="0"/><line nr="73" mi="3" ci="0" mb="0" cb="0"/><line nr="74" mi="3" ci="0" mb="0" cb="0"/><line nr="75" mi="3" ci="0" mb="0" cb="0"/><line nr="76" mi="3" ci="0" mb="0" cb="0"/><line nr="77" mi="3" ci="0" mb="0" cb="0"/><line nr="78" mi="3" ci="0" mb="0" cb="0"/><line nr="79" mi="3" ci="0" mb="0" cb="0"/><line nr="80" mi="3" ci="0" mb="0" cb="0"/><line nr="82" mi="3" ci="0" mb="0" cb="0"/><line nr="83" mi="3" ci="0" mb="0" cb="0"/><line nr="84" mi="1" ci="0" mb="0" cb="0"/><line nr="87" mi="3" ci="0" mb="0" cb="0"/><line nr="88" mi="3" ci="0" mb="0" cb="0"/><line nr="89" mi="3" ci="0" mb="0" cb="0"/><line nr="90" mi="3" ci="0" mb="0" cb="0"/><line nr="91" mi="3" ci="0" mb="0" cb="0"/><line nr="92" mi="3" ci="0" mb="0" cb="0"/><line nr="93" mi="3" ci="0" mb="0" cb="0"/><line nr="94" mi="3" ci="0" mb="0" cb="0"/><line nr="96" mi="3" ci="0" mb="0" cb="0"/><line nr="97" mi="3" ci="0" mb="0" cb="0"/><line nr="98" mi="1" ci="0" mb="0" cb="0"/><line nr="101" mi="3" ci="0" mb="0" cb="0"/><line nr="102" mi="3" ci="0" mb="0" cb="0"/><line nr="103" mi="3" ci="0" mb="0" cb="0"/><line nr="104" mi="3" ci="0" mb="0" cb="0"/><line nr="105" mi="3" ci="0" mb="0" cb="0"/><line nr="106" mi="3" ci="0" mb="0" cb="0"/><line nr="107" mi="3" ci="0" mb="0" cb="0"/><line nr="108" mi="3" ci="0" mb="0" cb="0"/><line nr="110" mi="3" ci="0" mb="0" cb="0"/><line nr="111" mi="3" ci="0" mb="0" cb="0"/><line nr="112" mi="1" ci="0" mb="0" cb="0"/><line nr="116" mi="3" ci="0" mb="0" cb="0"/><line nr="117" mi="3" ci="0" mb="0" cb="0"/><line nr="118" mi="3" ci="0" mb="0" cb="0"/><line nr="119" mi="3" ci="0" mb="0" cb="0"/><line nr="120" mi="3" ci="0" mb="0" cb="0"/><line nr="121" mi="3" ci="0" mb="0" cb="0"/><line nr="122" mi="3" ci="0" mb="0" cb="0"/><line nr="123" mi="3" ci="0" mb="0" cb="0"/><line nr="125" mi="3" ci="0" mb="0" cb="0"/><line nr="126" mi="3" ci="0" mb="0" cb="0"/><line nr="127" mi="1" ci="0" mb="0" cb="0"/><line nr="129" mi="3" ci="0" mb="0" cb="0"/><line nr="130" mi="3" ci="0" mb="0" cb="0"/><line nr="131" mi="3" ci="0" mb="0" cb="0"/><line nr="132" mi="3" ci="0" mb="0" cb="0"/><line nr="133" mi="3" ci="0" mb="0" cb="0"/><line nr="134" mi="3" ci="0" mb="0" cb="0"/><line nr="135" mi="3" ci="0" mb="0" cb="0"/><line nr="136" mi="3" ci="0" mb="0" cb="0"/><line nr="138" mi="3" ci="0" mb="0" cb="0"/><line nr="139" mi="3" ci="0" mb="0" cb="0"/><line nr="142" mi="2" ci="0" mb="0" cb="0"/><line nr="147" mi="3" ci="0" mb="0" cb="0"/><line nr="148" mi="4" ci="0" mb="0" cb="0"/><line nr="149" mi="7" ci="0" mb="2" cb="0"/><line nr="150" mi="7" ci="0" mb="2" cb="0"/><line nr="152" mi="6" ci="0" mb="0" cb="0"/><line nr="153" mi="4" ci="0" mb="2" cb="0"/><line nr="154" mi="3" ci="0" mb="0" cb="0"/><line nr="156" mi="3" ci="0" mb="0" cb="0"/><line nr="157" mi="28" ci="0" mb="0" cb="0"/><line nr="158" mi="9" ci="0" mb="0" cb="0"/><line nr="163" mi="1" ci="0" mb="0" cb="0"/><counter type="INSTRUCTION" missed="348" covered="0"/><counter type="BRANCH" missed="18" covered="0"/><counter type="LINE" missed="102" covered="0"/><counter type="COMPLEXITY" missed="17" covered="0"/><counter type="METHOD" missed="5" covered="0"/><counter type="CLASS" missed="1" covered="0"/></sourcefile><sourcefile name="Rankings.java"><line nr="20" mi="2" ci="0" mb="0" cb="0"/><line nr="47" mi="4" ci="0" mb="0" cb="0"/><line nr="52" mi="4" ci="0" mb="0" cb="0"/><line nr="53" mi="4" ci="0" mb="0" cb="0"/><line nr="54" mi="9" ci="0" mb="0" cb="0"/><line nr="55" mi="3" ci="0" mb="0" cb="0"/><line nr="56" mi="3" ci="0" mb="0" cb="0"/><line nr="58" mi="5" ci="0" mb="0" cb="0"/><line nr="59" mi="5" ci="0" mb="0" cb="0"/><line nr="61" mi="6" ci="0" mb="0" cb="0"/><line nr="62" mi="6" ci="0" mb="0" cb="0"/><line nr="63" mi="6" ci="0" mb="0" cb="0"/><line nr="64" mi="6" ci="0" mb="0" cb="0"/><line nr="65" mi="6" ci="0" mb="0" cb="0"/><line nr="66" mi="6" ci="0" mb="0" cb="0"/><line nr="68" mi="6" ci="0" mb="0" cb="0"/><line nr="69" mi="6" ci="0" mb="0" cb="0"/><line nr="70" mi="6" ci="0" mb="0" cb="0"/><line nr="71" mi="6" ci="0" mb="0" cb="0"/><line nr="72" mi="6" ci="0" mb="0" cb="0"/><line nr="73" mi="6" ci="0" mb="0" cb="0"/><line nr="75" mi="6" ci="0" mb="0" cb="0"/><line nr="76" mi="6" ci="0" mb="0" cb="0"/><line nr="77" mi="6" ci="0" mb="0" cb="0"/><line nr="78" mi="6" ci="0" mb="0" cb="0"/><line nr="79" mi="6" ci="0" mb="0" cb="0"/><line nr="80" mi="6" ci="0" mb="0" cb="0"/><line nr="82" mi="6" ci="0" mb="0" cb="0"/><line nr="83" mi="6" ci="0" mb="0" cb="0"/><line nr="84" mi="6" ci="0" mb="0" cb="0"/><line nr="85" mi="6" ci="0" mb="0" cb="0"/><line nr="86" mi="6" ci="0" mb="0" cb="0"/><line nr="87" mi="6" ci="0" mb="0" cb="0"/><line nr="89" mi="2" ci="0" mb="2" cb="0"/><line nr="90" mi="3" ci="0" mb="0" cb="0"/><line nr="93" mi="2" ci="0" mb="0" cb="0"/><line nr="94" mi="2" ci="0" mb="0" cb="0"/><line nr="96" mi="12" ci="0" mb="0" cb="0"/><line nr="99" mi="4" ci="0" mb="0" cb="0"/><line nr="100" mi="1" ci="0" mb="0" cb="0"/><line nr="103" mi="12" ci="0" mb="0" cb="0"/><line nr="106" mi="7" ci="0" mb="0" cb="0"/><line nr="107" mi="4" ci="0" mb="0" cb="0"/><line nr="108" mi="1" ci="0" mb="0" cb="0"/><line nr="111" mi="1" ci="0" mb="0" cb="0"/><line nr="115" mi="5" ci="0" mb="0" cb="0"/><line nr="116" mi="2" ci="0" mb="0" cb="0"/><line nr="117" mi="2" ci="0" mb="0" cb="0"/><line nr="118" mi="2" ci="0" mb="0" cb="0"/><line nr="119" mi="2" ci="0" mb="0" cb="0"/><line nr="120" mi="2" ci="0" mb="0" cb="0"/><line nr="121" mi="2" ci="0" mb="0" cb="0"/><line nr="122" mi="2" ci="0" mb="0" cb="0"/><line nr="123" mi="2" ci="0" mb="0" cb="0"/><line nr="124" mi="2" ci="0" mb="0" cb="0"/><line nr="125" mi="2" ci="0" mb="0" cb="0"/><line nr="126" mi="2" ci="0" mb="0" cb="0"/><line nr="127" mi="2" ci="0" mb="0" cb="0"/><line nr="131" mi="16" ci="0" mb="0" cb="0"/><line nr="133" mi="2" ci="0" mb="0" cb="0"/><line nr="134" mi="10" ci="0" mb="2" cb="0"/><line nr="135" mi="2" ci="0" mb="7" cb="0"/><line nr="137" mi="4" ci="0" mb="0" cb="0"/><line nr="138" mi="4" ci="0" mb="0" cb="0"/><line nr="139" mi="4" ci="0" mb="0" cb="0"/><line nr="140" mi="6" ci="0" mb="0" cb="0"/><line nr="141" mi="4" ci="0" mb="0" cb="0"/><line nr="142" mi="1" ci="0" mb="0" cb="0"/><line nr="144" mi="4" ci="0" mb="0" cb="0"/><line nr="145" mi="4" ci="0" mb="0" cb="0"/><line nr="146" mi="4" ci="0" mb="0" cb="0"/><line nr="147" mi="6" ci="0" mb="0" cb="0"/><line nr="148" mi="4" ci="0" mb="0" cb="0"/><line nr="149" mi="1" ci="0" mb="0" cb="0"/><line nr="151" mi="4" ci="0" mb="0" cb="0"/><line nr="152" mi="4" ci="0" mb="0" cb="0"/><line nr="153" mi="4" ci="0" mb="0" cb="0"/><line nr="154" mi="6" ci="0" mb="0" cb="0"/><line nr="155" mi="4" ci="0" mb="0" cb="0"/><line nr="156" mi="1" ci="0" mb="0" cb="0"/><line nr="158" mi="4" ci="0" mb="0" cb="0"/><line nr="159" mi="4" ci="0" mb="0" cb="0"/><line nr="160" mi="4" ci="0" mb="0" cb="0"/><line nr="161" mi="6" ci="0" mb="0" cb="0"/><line nr="162" mi="4" ci="0" mb="0" cb="0"/><line nr="163" mi="1" ci="0" mb="0" cb="0"/><line nr="165" mi="4" ci="0" mb="0" cb="0"/><line nr="166" mi="4" ci="0" mb="0" cb="0"/><line nr="167" mi="4" ci="0" mb="0" cb="0"/><line nr="168" mi="6" ci="0" mb="0" cb="0"/><line nr="169" mi="4" ci="0" mb="0" cb="0"/><line nr="170" mi="1" ci="0" mb="0" cb="0"/><line nr="172" mi="4" ci="0" mb="0" cb="0"/><line nr="173" mi="4" ci="0" mb="0" cb="0"/><line nr="174" mi="4" ci="0" mb="0" cb="0"/><line nr="175" mi="6" ci="0" mb="0" cb="0"/><line nr="176" mi="4" ci="0" mb="0" cb="0"/><line nr="177" mi="1" ci="0" mb="0" cb="0"/><line nr="181" mi="1" ci="0" mb="0" cb="0"/><line nr="184" mi="4" ci="0" mb="0" cb="0"/><line nr="185" mi="4" ci="0" mb="0" cb="0"/><line nr="186" mi="4" ci="0" mb="0" cb="0"/><line nr="187" mi="4" ci="0" mb="0" cb="0"/><line nr="188" mi="4" ci="0" mb="0" cb="0"/><line nr="189" mi="4" ci="0" mb="0" cb="0"/><line nr="191" mi="4" ci="0" mb="0" cb="0"/><line nr="192" mi="4" ci="0" mb="0" cb="0"/><line nr="193" mi="4" ci="0" mb="0" cb="0"/><line nr="194" mi="4" ci="0" mb="0" cb="0"/><line nr="195" mi="4" ci="0" mb="0" cb="0"/><line nr="196" mi="4" ci="0" mb="0" cb="0"/><line nr="198" mi="3" ci="0" mb="0" cb="0"/><line nr="199" mi="1" ci="0" mb="0" cb="0"/><line nr="202" mi="4" ci="0" mb="0" cb="0"/><line nr="203" mi="2" ci="0" mb="2" cb="0"/><line nr="204" mi="5" ci="0" mb="0" cb="0"/><line nr="205" mi="3" ci="0" mb="0" cb="0"/><line nr="207" mi="2" ci="0" mb="0" cb="0"/><line nr="211" mi="5" ci="0" mb="0" cb="0"/><line nr="212" mi="4" ci="0" mb="0" cb="0"/><line nr="213" mi="4" ci="0" mb="0" cb="0"/><line nr="214" mi="5" ci="0" mb="0" cb="0"/><line nr="216" mi="4" ci="0" mb="0" cb="0"/><line nr="217" mi="4" ci="0" mb="0" cb="0"/><line nr="218" mi="5" ci="0" mb="0" cb="0"/><line nr="220" mi="4" ci="0" mb="0" cb="0"/><line nr="221" mi="4" ci="0" mb="0" cb="0"/><line nr="222" mi="5" ci="0" mb="0" cb="0"/><line nr="224" mi="4" ci="0" mb="0" cb="0"/><line nr="225" mi="4" ci="0" mb="0" cb="0"/><line nr="226" mi="5" ci="0" mb="0" cb="0"/><line nr="228" mi="4" ci="0" mb="0" cb="0"/><line nr="229" mi="4" ci="0" mb="0" cb="0"/><line nr="230" mi="5" ci="0" mb="0" cb="0"/><line nr="232" mi="4" ci="0" mb="0" cb="0"/><line nr="233" mi="4" ci="0" mb="0" cb="0"/><line nr="234" mi="5" ci="0" mb="0" cb="0"/><line nr="235" mi="7" ci="0" mb="0" cb="0"/><line nr="236" mi="7" ci="0" mb="0" cb="0"/><line nr="237" mi="7" ci="0" mb="0" cb="0"/><line nr="238" mi="7" ci="0" mb="0" cb="0"/><line nr="239" mi="7" ci="0" mb="0" cb="0"/><line nr="240" mi="7" ci="0" mb="0" cb="0"/><line nr="241" mi="3" ci="0" mb="0" cb="0"/><line nr="242" mi="1" ci="0" mb="0" cb="0"/><line nr="245" mi="5" ci="0" mb="0" cb="0"/><line nr="247" mi="12" ci="0" mb="0" cb="0"/><line nr="248" mi="5" ci="0" mb="0" cb="0"/><line nr="249" mi="3" ci="0" mb="0" cb="0"/><line nr="251" mi="4" ci="0" mb="0" cb="0"/><line nr="252" mi="4" ci="0" mb="0" cb="0"/><line nr="253" mi="4" ci="0" mb="0" cb="0"/><line nr="254" mi="4" ci="0" mb="0" cb="0"/><line nr="255" mi="4" ci="0" mb="0" cb="0"/><line nr="256" mi="4" ci="0" mb="0" cb="0"/><line nr="257" mi="4" ci="0" mb="0" cb="0"/><line nr="258" mi="4" ci="0" mb="0" cb="0"/><line nr="259" mi="4" ci="0" mb="0" cb="0"/><line nr="260" mi="4" ci="0" mb="0" cb="0"/><line nr="261" mi="4" ci="0" mb="0" cb="0"/><line nr="262" mi="4" ci="0" mb="0" cb="0"/><line nr="264" mi="2" ci="0" mb="0" cb="0"/><line nr="265" mi="1" ci="0" mb="0" cb="0"/><counter type="INSTRUCTION" missed="705" covered="0"/><counter type="BRANCH" missed="13" covered="0"/><counter type="LINE" missed="163" covered="0"/><counter type="COMPLEXITY" missed="19" covered="0"/><counter type="METHOD" missed="10" covered="0"/><counter type="CLASS" missed="3" covered="0"/></sourcefile><counter type="INSTRUCTION" missed="6493" covered="0"/><counter type="BRANCH" missed="449" covered="0"/><counter type="LINE" missed="1391" covered="0"/><counter type="COMPLEXITY" missed="405" covered="0"/><counter type="METHOD" missed="157" covered="0"/><counter type="CLASS" missed="34" covered="0"/></package><counter type="INSTRUCTION" missed="6493" covered="0"/><counter type="BRANCH" missed="449" covered="0"/><counter type="LINE" missed="1391" covered="0"/><counter type="COMPLEXITY" missed="405" covered="0"/><counter type="METHOD" missed="157" covered="0"/><counter type="CLASS" missed="34" covered="0"/></report>